<?xml version="1.0" encoding="UTF-8"?>
<!-- Generated by org.testng.reporters.JUnitReportReporter -->
<testsuite skipped="4" hostname="pgx180189mac.local" name="lex.tests.homepage.CRHomepageTests" tests="17" failures="0" timestamp="01 Sep 2020 22:26:47 GMT" time="119.679" errors="1">
  <testcase name="canSubmitForm" time="14.266" classname="lex.tests.homepage.CRHomepageTests">
    <skipped/>
  </testcase> <!-- canSubmitForm -->
  <testcase name="canClickSignupInModal" time="4.198" classname="lex.tests.homepage.CRHomepageTests"/>
  <testcase name="canClickSignupHero" time="4.533" classname="lex.tests.homepage.CRHomepageTests"/>
  <testcase name="canClickGetStartedHero" time="4.601" classname="lex.tests.homepage.CRHomepageTests">
    <skipped/>
  </testcase> <!-- canClickGetStartedHero -->
  <testcase name="canClickLoginButton" time="6.952" classname="lex.tests.homepage.CRHomepageTests"/>
  <testcase name="canClickGetStartedHero" time="4.334" classname="lex.tests.homepage.CRHomepageTests"/>
  <testcase name="canSubmitForm" time="14.275" classname="lex.tests.homepage.CRHomepageTests">
    <error type="org.openqa.selenium.NoSuchElementException" message="Timed out after 5 seconds. Unable to locate the element">
      <![CDATA[org.openqa.selenium.NoSuchElementException: Timed out after 5 seconds. Unable to locate the element
at org.openqa.selenium.support.pagefactory.AjaxElementLocator.findElement(AjaxElementLocator.java:123)
at org.openqa.selenium.support.pagefactory.internal.LocatingElementHandler.invoke(LocatingElementHandler.java:38)
at com.sun.proxy.$Proxy7.getAttribute(Unknown Source)
at lex.pageobjects.homepage.CRHomepage.sliderAppOpened(CRHomepage.java:193)
at lex.tests.homepage.CRHomepageTests.canSubmitForm(CRHomepageTests.java:121)
at sun.reflect.NativeMethodAccessorImpl.invoke0(Native Method)
at sun.reflect.NativeMethodAccessorImpl.invoke(NativeMethodAccessorImpl.java:62)
at sun.reflect.DelegatingMethodAccessorImpl.invoke(DelegatingMethodAccessorImpl.java:43)
at java.lang.reflect.Method.invoke(Method.java:498)
at org.testng.internal.MethodInvocationHelper.invokeMethod(MethodInvocationHelper.java:124)
at org.testng.internal.Invoker.invokeMethod(Invoker.java:583)
at org.testng.internal.Invoker.retryFailed(Invoker.java:839)
at org.testng.internal.Invoker.invokeTestMethods(Invoker.java:1010)
at org.testng.internal.TestMethodWorker.invokeTestMethods(TestMethodWorker.java:125)
at org.testng.internal.TestMethodWorker.run(TestMethodWorker.java:109)
at org.testng.TestRunner.privateRun(TestRunner.java:648)
at org.testng.TestRunner.run(TestRunner.java:505)
at org.testng.SuiteRunner.runTest(SuiteRunner.java:455)
at org.testng.SuiteRunner.runSequentially(SuiteRunner.java:450)
at org.testng.SuiteRunner.privateRun(SuiteRunner.java:415)
at org.testng.SuiteRunner.run(SuiteRunner.java:364)
at org.testng.SuiteRunnerWorker.runSuite(SuiteRunnerWorker.java:52)
at org.testng.SuiteRunnerWorker.run(SuiteRunnerWorker.java:84)
at org.testng.TestNG.runSuitesSequentially(TestNG.java:1208)
at org.testng.TestNG.runSuitesLocally(TestNG.java:1137)
at org.testng.TestNG.runSuites(TestNG.java:1049)
at org.testng.TestNG.run(TestNG.java:1017)
at org.apache.maven.surefire.testng.TestNGExecutor.run(TestNGExecutor.java:284)
at org.apache.maven.surefire.testng.TestNGXmlTestSuite.execute(TestNGXmlTestSuite.java:75)
at org.apache.maven.surefire.testng.TestNGProvider.invoke(TestNGProvider.java:119)
at org.apache.maven.surefire.booter.ForkedBooter.runSuitesInProcess(ForkedBooter.java:428)
at org.apache.maven.surefire.booter.ForkedBooter.execute(ForkedBooter.java:162)
at org.apache.maven.surefire.booter.ForkedBooter.run(ForkedBooter.java:562)
at org.apache.maven.surefire.booter.ForkedBooter.main(ForkedBooter.java:548)
Caused by: org.openqa.selenium.NoSuchElementException: no such element: Unable to locate element: {"method":"css selector","selector":"div.slider-app-wrapper"}
  (Session info: chrome=85.0.4183.83)
For documentation on this error, please visit: http://seleniumhq.org/exceptions/no_such_element.html
Build info: version: '3.14.0', revision: 'aacccce0', time: '2018-08-02T20:19:58.91Z'
System info: host: 'pgx180189mac.local', ip: '2601:681:527f:1b40:8d9b:656c:cb73:4327%en0', os.name: 'Mac OS X', os.arch: 'x86_64', os.version: '10.15.6', java.version: '1.8.0_261'
Driver info: org.openqa.selenium.chrome.ChromeDriver
Capabilities {acceptInsecureCerts: false, browserName: chrome, browserVersion: 85.0.4183.83, chrome: {chromedriverVersion: 85.0.4183.87 (cd6713ebf92fa..., userDataDir: /var/folders/2r/2bvglkkd41b...}, goog:chromeOptions: {debuggerAddress: localhost:59777}, javascriptEnabled: true, networkConnectionEnabled: false, pageLoadStrategy: normal, platform: MAC, platformName: MAC, proxy: Proxy(), setWindowRect: true, strictFileInteractability: false, timeouts: {implicit: 0, pageLoad: 300000, script: 30000}, unhandledPromptBehavior: dismiss and notify, webauthn:virtualAuthenticators: true}
Session ID: a0a4915741c099e7a8155779a103523c
*** Element info: {Using=css selector, value=div.slider-app-wrapper}
at sun.reflect.GeneratedConstructorAccessor15.newInstance(Unknown Source)
at sun.reflect.DelegatingConstructorAccessorImpl.newInstance(DelegatingConstructorAccessorImpl.java:45)
at java.lang.reflect.Constructor.newInstance(Constructor.java:423)
at org.openqa.selenium.remote.http.W3CHttpResponseCodec.createException(W3CHttpResponseCodec.java:187)
at org.openqa.selenium.remote.http.W3CHttpResponseCodec.decode(W3CHttpResponseCodec.java:122)
at org.openqa.selenium.remote.http.W3CHttpResponseCodec.decode(W3CHttpResponseCodec.java:49)
at org.openqa.selenium.remote.HttpCommandExecutor.execute(HttpCommandExecutor.java:158)
at org.openqa.selenium.remote.service.DriverCommandExecutor.execute(DriverCommandExecutor.java:83)
at org.openqa.selenium.remote.RemoteWebDriver.execute(RemoteWebDriver.java:548)
at org.openqa.selenium.remote.RemoteWebDriver.findElement(RemoteWebDriver.java:322)
at org.openqa.selenium.remote.RemoteWebDriver.findElementByCssSelector(RemoteWebDriver.java:416)
at org.openqa.selenium.By$ByCssSelector.findElement(By.java:431)
at org.openqa.selenium.remote.RemoteWebDriver.findElement(RemoteWebDriver.java:314)
at org.openqa.selenium.support.pagefactory.DefaultElementLocator.findElement(DefaultElementLocator.java:69)
at org.openqa.selenium.support.pagefactory.AjaxElementLocator.access$001(AjaxElementLocator.java:39)
at org.openqa.selenium.support.pagefactory.AjaxElementLocator$SlowLoadingElement.isLoaded(AjaxElementLocator.java:194)
at org.openqa.selenium.support.ui.SlowLoadableComponent.get(SlowLoadableComponent.java:78)
at org.openqa.selenium.support.pagefactory.AjaxElementLocator.findElement(AjaxElementLocator.java:119)
... 33 more
]]>
    </error>
  </testcase> <!-- canSubmitForm -->
  <testcase name="canSubmitForm" time="14.910" classname="lex.tests.homepage.CRHomepageTests">
    <skipped/>
  </testcase> <!-- canSubmitForm -->
  <testcase name="canSubmitForm" time="14.569" classname="lex.tests.homepage.CRHomepageTests">
    <skipped/>
  </testcase> <!-- canSubmitForm -->
  <testcase name="canClickGetStartedInHardWorkSection" time="4.456" classname="lex.tests.homepage.CRHomepageTests"/>
  <testcase name="canClickSignupInTopNav" time="4.766" classname="lex.tests.homepage.CRHomepageTests"/>
  <testcase name="canClickGetStartedInCostSection" time="4.804" classname="lex.tests.homepage.CRHomepageTests"/>
  <testcase name="canClickGetStartedInModal" time="5.596" classname="lex.tests.homepage.CRHomepageTests"/>
  <testcase name="canClickSignupInHardWorkSection" time="4.025" classname="lex.tests.homepage.CRHomepageTests"/>
  <testcase name="canClickSignupInCostSection" time="4.142" classname="lex.tests.homepage.CRHomepageTests"/>
  <testcase name="canClickGetStartedInHowCreditRepairWorksSection" time="5.145" classname="lex.tests.homepage.CRHomepageTests"/>
  <testcase name="canClickSignupInHowCreditRepairWorksSection" time="4.107" classname="lex.tests.homepage.CRHomepageTests"/>
</testsuite> <!-- lex.tests.homepage.CRHomepageTests -->
