<?xml version="1.0" encoding="UTF-8"?>
<!-- Generated by org.testng.reporters.JUnitXMLReporter -->
<testsuite hostname="martech-d01.vwsl.pgx.local" ignored="0" name="Simple Test" tests="96" failures="7" timestamp="16 Sep 2020 18:36:50 GMT" time="328.357" errors="0">
  <testcase name="canClickGetStartedButtonInClientReviewsSection" time="2.25" classname="lex.tests.homepage.LexHomepageTests"/>
  <testcase name="canClickGetStartedButtonInHeroSection" time="0.891" classname="lex.tests.homepage.LexHomepageTests"/>
  <testcase name="canClickGetStartedButtonInImageRevealSection" time="0.835" classname="lex.tests.homepage.LexHomepageTests"/>
  <testcase name="canClickGetStartedLinkInHeroSection" time="0.835" classname="lex.tests.homepage.LexHomepageTests"/>
  <testcase name="canClickSeeMyCreditButton" time="0.889" classname="lex.tests.homepage.LexHomepageTests"/>
  <testcase name="canClickSignupCreditCostLink" time="1.218" classname="lex.tests.homepage.LexHomepageTests"/>
  <testcase name="canClickSignupLinkInClientReviewsSection" time="0.909" classname="lex.tests.homepage.LexHomepageTests"/>
  <testcase name="canClickSignupLinkInHeroSection" time="0.92" classname="lex.tests.homepage.LexHomepageTests"/>
  <testcase name="canClickSignupLinkInImageRevealSection" time="0.284" classname="lex.tests.homepage.LexHomepageTests">
    <skipped/>
  </testcase> <!-- canClickSignupLinkInImageRevealSection -->
  <testcase name="canClickSignupLinkInImageRevealSection" time="1.006" classname="lex.tests.homepage.LexHomepageTests"/>
  <testcase name="canNavigateToCreditHelp" time="1.892" classname="lex.tests.homepage.LexHomepageTests"/>
  <testcase name="canNavigateToCreditRepair" time="0.689" classname="lex.tests.homepage.LexHomepageTests"/>
  <testcase name="canNavigateToOurFirm" time="1.057" classname="lex.tests.homepage.LexHomepageTests"/>
  <testcase name="canNavigateToSignUp" time="0.943" classname="lex.tests.homepage.LexHomepageTests"/>
  <testcase name="canSeeGoDaddySeal" time="5.227" classname="lex.tests.homepage.LexHomepageTests">
    <skipped/>
  </testcase> <!-- canSeeGoDaddySeal -->
  <testcase name="canSeeGoDaddySeal" time="5.192" classname="lex.tests.homepage.LexHomepageTests">
    <skipped/>
  </testcase> <!-- canSeeGoDaddySeal -->
  <testcase name="canSeeGoDaddySeal" time="5.449" classname="lex.tests.homepage.LexHomepageTests">
    <skipped/>
  </testcase> <!-- canSeeGoDaddySeal -->
  <testcase name="canSeeGoDaddySeal" time="5.451" classname="lex.tests.homepage.LexHomepageTests">
    <skipped/>
  </testcase> <!-- canSeeGoDaddySeal -->
  <testcase name="canSeeGoDaddySeal" time="5.451" classname="lex.tests.homepage.LexHomepageTests">
    <failure type="java.lang.AssertionError" message="expected [true] but found [false]">
      <![CDATA[java.lang.AssertionError: expected [true] but found [false]
at lex.tests.homepage.LexHomepageTests.canSeeGoDaddySeal(LexHomepageTests.java:221)
... Removed 33 stack frames]]>
    </failure>
  </testcase> <!-- canSeeGoDaddySeal -->
  <testcase name="isAtHomepage" time="0.232" classname="lex.tests.homepage.LexHomepageTests"/>
  <testcase name="canClickGetStartedHero" time="4.788" classname="lex.tests.homepage.CRHomepageTests"/>
  <testcase name="canClickGetStartedInCostSection" time="2.789" classname="lex.tests.homepage.CRHomepageTests"/>
  <testcase name="canClickGetStartedInHardWorkSection" time="2.443" classname="lex.tests.homepage.CRHomepageTests"/>
  <testcase name="canClickGetStartedInHowCreditRepairWorksSection" time="3.082" classname="lex.tests.homepage.CRHomepageTests"/>
  <testcase name="canClickGetStartedInModal" time="2.243" classname="lex.tests.homepage.CRHomepageTests"/>
  <testcase name="canClickLoginButton" time="3.025" classname="lex.tests.homepage.CRHomepageTests"/>
  <testcase name="canClickSignupHero" time="2.271" classname="lex.tests.homepage.CRHomepageTests"/>
  <testcase name="canClickSignupInCostSection" time="1.881" classname="lex.tests.homepage.CRHomepageTests"/>
  <testcase name="canClickSignupInHardWorkSection" time="2.424" classname="lex.tests.homepage.CRHomepageTests"/>
  <testcase name="canClickSignupInHowCreditRepairWorksSection" time="2.042" classname="lex.tests.homepage.CRHomepageTests"/>
  <testcase name="canClickSignupInModal" time="1.838" classname="lex.tests.homepage.CRHomepageTests"/>
  <testcase name="canClickSignupInTopNav" time="1.96" classname="lex.tests.homepage.CRHomepageTests"/>
  <testcase name="canSeeGoDaddySeal" time="6.2" classname="lex.tests.homepage.CRHomepageTests">
    <skipped/>
  </testcase> <!-- canSeeGoDaddySeal -->
  <testcase name="canSeeGoDaddySeal" time="6.208" classname="lex.tests.homepage.CRHomepageTests">
    <skipped/>
  </testcase> <!-- canSeeGoDaddySeal -->
  <testcase name="canSeeGoDaddySeal" time="6.137" classname="lex.tests.homepage.CRHomepageTests">
    <skipped/>
  </testcase> <!-- canSeeGoDaddySeal -->
  <testcase name="canSeeGoDaddySeal" time="6.129" classname="lex.tests.homepage.CRHomepageTests">
    <skipped/>
  </testcase> <!-- canSeeGoDaddySeal -->
  <testcase name="canSeeGoDaddySeal" time="6.019" classname="lex.tests.homepage.CRHomepageTests">
    <failure type="java.lang.AssertionError" message="expected [true] but found [false]">
      <![CDATA[java.lang.AssertionError: expected [true] but found [false]
at lex.tests.homepage.CRHomepageTests.canSeeGoDaddySeal(CRHomepageTests.java:228)
... Removed 33 stack frames]]>
    </failure>
  </testcase> <!-- canSeeGoDaddySeal -->
  <testcase name="canSubmitForm" time="7.751" classname="lex.tests.homepage.CRHomepageTests">
    <skipped/>
  </testcase> <!-- canSubmitForm -->
  <testcase name="canSubmitForm" time="7.065" classname="lex.tests.homepage.CRHomepageTests">
    <skipped/>
  </testcase> <!-- canSubmitForm -->
  <testcase name="canSubmitForm" time="7.05" classname="lex.tests.homepage.CRHomepageTests">
    <skipped/>
  </testcase> <!-- canSubmitForm -->
  <testcase name="canSubmitForm" time="7.082" classname="lex.tests.homepage.CRHomepageTests">
    <skipped/>
  </testcase> <!-- canSubmitForm -->
  <testcase name="canSubmitForm" time="7.07" classname="lex.tests.homepage.CRHomepageTests">
    <failure type="org.openqa.selenium.TimeoutException" message="Expected condition failed: waiting for url to contain &amp;quot;https://www.creditrepair.com/credit-snapshot/rp&amp;quot;. Current url: &amp;quot;https://www.creditrepair.com/&amp;quot; (tried for 5 second(s) with 100 milliseconds interval)
Build info: version: &amp;apos;3.14.0&amp;apos;, revision: &amp;apos;aacccce0&amp;apos;, time: &amp;apos;2018-08-02T20:19:58.91Z&amp;apos;
System info: host: &amp;apos;martech-d01.vwsl.pgx.local&amp;apos;, ip: &amp;apos;10.40.30.83&amp;apos;, os.name: &amp;apos;Linux&amp;apos;, os.arch: &amp;apos;amd64&amp;apos;, os.version: &amp;apos;3.10.0-1127.el7.x86_64&amp;apos;, java.version: &amp;apos;1.8.0_262&amp;apos;
Driver info: org.openqa.selenium.chrome.ChromeDriver
Capabilities {acceptInsecureCerts: false, browserName: chrome, browserVersion: 85.0.4183.102, chrome: {chromedriverVersion: 85.0.4183.87 (cd6713ebf92fa..., userDataDir: /tmp/.com.google.Chrome.ndAobL}, goog:chromeOptions: {debuggerAddress: localhost:43355}, javascriptEnabled: true, networkConnectionEnabled: false, pageLoadStrategy: normal, platform: LINUX, platformName: LINUX, proxy: Proxy(), setWindowRect: true, strictFileInteractability: false, timeouts: {implicit: 0, pageLoad: 300000, script: 30000}, unhandledPromptBehavior: dismiss and notify, webauthn:virtualAuthenticators: true}
Session ID: b9176c332569584fe8b19c2ad7b25c04">
      <![CDATA[org.openqa.selenium.TimeoutException: Expected condition failed: waiting for url to contain "https://www.creditrepair.com/credit-snapshot/rp". Current url: "https://www.creditrepair.com/" (tried for 5 second(s) with 100 milliseconds interval)
Build info: version: '3.14.0', revision: 'aacccce0', time: '2018-08-02T20:19:58.91Z'
System info: host: 'martech-d01.vwsl.pgx.local', ip: '10.40.30.83', os.name: 'Linux', os.arch: 'amd64', os.version: '3.10.0-1127.el7.x86_64', java.version: '1.8.0_262'
Driver info: org.openqa.selenium.chrome.ChromeDriver
Capabilities {acceptInsecureCerts: false, browserName: chrome, browserVersion: 85.0.4183.102, chrome: {chromedriverVersion: 85.0.4183.87 (cd6713ebf92fa..., userDataDir: /tmp/.com.google.Chrome.ndAobL}, goog:chromeOptions: {debuggerAddress: localhost:43355}, javascriptEnabled: true, networkConnectionEnabled: false, pageLoadStrategy: normal, platform: LINUX, platformName: LINUX, proxy: Proxy(), setWindowRect: true, strictFileInteractability: false, timeouts: {implicit: 0, pageLoad: 300000, script: 30000}, unhandledPromptBehavior: dismiss and notify, webauthn:virtualAuthenticators: true}
Session ID: b9176c332569584fe8b19c2ad7b25c04
at org.openqa.selenium.support.ui.WebDriverWait.timeoutException(WebDriverWait.java:113)
at org.openqa.selenium.support.ui.FluentWait.until(FluentWait.java:283)
at lex.framework.core.BasePage.waitForURLToContain(BasePage.java:71)
at lex.tests.homepage.CRHomepageTests.canSubmitForm(CRHomepageTests.java:117)
... Removed 29 stack frames]]>
    </failure>
  </testcase> <!-- canSubmitForm -->
  <testcase name="canClickCheckYourCreditNowCTA" time="3.056" classname="lex.tests.snapshot.LexSnapshotTests"/>
  <testcase name="canClickCheckYourCreditNowInModal" time="1.834" classname="lex.tests.snapshot.LexSnapshotTests"/>
  <testcase name="canClickGetStartedInKnowYourCreditScore" time="2.011" classname="lex.tests.snapshot.LexSnapshotTests"/>
  <testcase name="canClickGetStartedNowInHowItWorks" time="1.87" classname="lex.tests.snapshot.LexSnapshotTests"/>
  <testcase name="canClickLoginButton" time="1.939" classname="lex.tests.snapshot.LexSnapshotTests"/>
  <testcase name="canClickSeeYourCreditNowInFAQ" time="2.097" classname="lex.tests.snapshot.LexSnapshotTests"/>
  <testcase name="canClickSignupCTA" time="1.969" classname="lex.tests.snapshot.LexSnapshotTests"/>
  <testcase name="canClickSignupInFAQ" time="1.932" classname="lex.tests.snapshot.LexSnapshotTests"/>
  <testcase name="canClickSignupInHeroImage" time="1.907" classname="lex.tests.snapshot.LexSnapshotTests"/>
  <testcase name="canClickSignupInHowItWorks" time="1.957" classname="lex.tests.snapshot.LexSnapshotTests"/>
  <testcase name="canClickSignupInKnowYourCreditScore" time="1.875" classname="lex.tests.snapshot.LexSnapshotTests"/>
  <testcase name="canClickSignupInModal" time="1.901" classname="lex.tests.snapshot.LexSnapshotTests"/>
  <testcase name="canClickStartNowInHeader" time="1.83" classname="lex.tests.snapshot.LexSnapshotTests"/>
  <testcase name="canClickStartNowInHeroImage" time="1.801" classname="lex.tests.snapshot.LexSnapshotTests"/>
  <testcase name="canSeeGoDaddySeal" time="6.01" classname="lex.tests.snapshot.LexSnapshotTests">
    <skipped/>
  </testcase> <!-- canSeeGoDaddySeal -->
  <testcase name="canSeeGoDaddySeal" time="6.014" classname="lex.tests.snapshot.LexSnapshotTests">
    <skipped/>
  </testcase> <!-- canSeeGoDaddySeal -->
  <testcase name="canSeeGoDaddySeal" time="6.035" classname="lex.tests.snapshot.LexSnapshotTests">
    <skipped/>
  </testcase> <!-- canSeeGoDaddySeal -->
  <testcase name="canSeeGoDaddySeal" time="5.995" classname="lex.tests.snapshot.LexSnapshotTests">
    <skipped/>
  </testcase> <!-- canSeeGoDaddySeal -->
  <testcase name="canSeeGoDaddySeal" time="6.087" classname="lex.tests.snapshot.LexSnapshotTests">
    <failure type="java.lang.AssertionError" message="expected [true] but found [false]">
      <![CDATA[java.lang.AssertionError: expected [true] but found [false]
at lex.tests.snapshot.LexSnapshotTests.canSeeGoDaddySeal(LexSnapshotTests.java:260)
... Removed 33 stack frames]]>
    </failure>
  </testcase> <!-- canSeeGoDaddySeal -->
  <testcase name="canSubmitForm" time="6.915" classname="lex.tests.snapshot.LexSnapshotTests">
    <skipped/>
  </testcase> <!-- canSubmitForm -->
  <testcase name="canSubmitForm" time="6.837" classname="lex.tests.snapshot.LexSnapshotTests">
    <skipped/>
  </testcase> <!-- canSubmitForm -->
  <testcase name="canSubmitForm" time="6.841" classname="lex.tests.snapshot.LexSnapshotTests">
    <skipped/>
  </testcase> <!-- canSubmitForm -->
  <testcase name="canSubmitForm" time="7.015" classname="lex.tests.snapshot.LexSnapshotTests">
    <skipped/>
  </testcase> <!-- canSubmitForm -->
  <testcase name="canSubmitForm" time="6.827" classname="lex.tests.snapshot.LexSnapshotTests">
    <failure type="org.openqa.selenium.TimeoutException" message="Expected condition failed: waiting for url to contain &amp;quot;https://www.lexingtonlaw.com/credit-snapshot/rp&amp;quot;. Current url: &amp;quot;https://www.lexingtonlaw.com/l/credit-snapshot&amp;quot; (tried for 5 second(s) with 100 milliseconds interval)
Build info: version: &amp;apos;3.14.0&amp;apos;, revision: &amp;apos;aacccce0&amp;apos;, time: &amp;apos;2018-08-02T20:19:58.91Z&amp;apos;
System info: host: &amp;apos;martech-d01.vwsl.pgx.local&amp;apos;, ip: &amp;apos;10.40.30.83&amp;apos;, os.name: &amp;apos;Linux&amp;apos;, os.arch: &amp;apos;amd64&amp;apos;, os.version: &amp;apos;3.10.0-1127.el7.x86_64&amp;apos;, java.version: &amp;apos;1.8.0_262&amp;apos;
Driver info: org.openqa.selenium.chrome.ChromeDriver
Capabilities {acceptInsecureCerts: false, browserName: chrome, browserVersion: 85.0.4183.102, chrome: {chromedriverVersion: 85.0.4183.87 (cd6713ebf92fa..., userDataDir: /tmp/.com.google.Chrome.86ERb0}, goog:chromeOptions: {debuggerAddress: localhost:38456}, javascriptEnabled: true, networkConnectionEnabled: false, pageLoadStrategy: normal, platform: LINUX, platformName: LINUX, proxy: Proxy(), setWindowRect: true, strictFileInteractability: false, timeouts: {implicit: 0, pageLoad: 300000, script: 30000}, unhandledPromptBehavior: dismiss and notify, webauthn:virtualAuthenticators: true}
Session ID: 721ff7d1cc48fb7feee05629981291a1">
      <![CDATA[org.openqa.selenium.TimeoutException: Expected condition failed: waiting for url to contain "https://www.lexingtonlaw.com/credit-snapshot/rp". Current url: "https://www.lexingtonlaw.com/l/credit-snapshot" (tried for 5 second(s) with 100 milliseconds interval)
Build info: version: '3.14.0', revision: 'aacccce0', time: '2018-08-02T20:19:58.91Z'
System info: host: 'martech-d01.vwsl.pgx.local', ip: '10.40.30.83', os.name: 'Linux', os.arch: 'amd64', os.version: '3.10.0-1127.el7.x86_64', java.version: '1.8.0_262'
Driver info: org.openqa.selenium.chrome.ChromeDriver
Capabilities {acceptInsecureCerts: false, browserName: chrome, browserVersion: 85.0.4183.102, chrome: {chromedriverVersion: 85.0.4183.87 (cd6713ebf92fa..., userDataDir: /tmp/.com.google.Chrome.86ERb0}, goog:chromeOptions: {debuggerAddress: localhost:38456}, javascriptEnabled: true, networkConnectionEnabled: false, pageLoadStrategy: normal, platform: LINUX, platformName: LINUX, proxy: Proxy(), setWindowRect: true, strictFileInteractability: false, timeouts: {implicit: 0, pageLoad: 300000, script: 30000}, unhandledPromptBehavior: dismiss and notify, webauthn:virtualAuthenticators: true}
Session ID: 721ff7d1cc48fb7feee05629981291a1
at org.openqa.selenium.support.ui.WebDriverWait.timeoutException(WebDriverWait.java:113)
at org.openqa.selenium.support.ui.FluentWait.until(FluentWait.java:283)
at lex.framework.core.BasePage.waitForURLToContain(BasePage.java:71)
at lex.tests.snapshot.LexSnapshotTests.canSubmitForm(LexSnapshotTests.java:245)
... Removed 29 stack frames]]>
    </failure>
  </testcase> <!-- canSubmitForm -->
  <testcase name="canClickCheckYourCreditNowInHeroImage" time="2.863" classname="lex.tests.snapshot.CRSnapshotTests"/>
  <testcase name="canClickGetStartedCTA" time="2.906" classname="lex.tests.snapshot.CRSnapshotTests"/>
  <testcase name="canClickGetStartedInKnowYourCreditScore" time="2.19" classname="lex.tests.snapshot.CRSnapshotTests"/>
  <testcase name="canClickGetStartedInModal" time="2.883" classname="lex.tests.snapshot.CRSnapshotTests"/>
  <testcase name="canClickGetStartedNowInClientReviews" time="2.894" classname="lex.tests.snapshot.CRSnapshotTests"/>
  <testcase name="canClickLoginButton" time="3.072" classname="lex.tests.snapshot.CRSnapshotTests"/>
  <testcase name="canClickSignupCTA" time="1.872" classname="lex.tests.snapshot.CRSnapshotTests"/>
  <testcase name="canClickSignupInClientReviews" time="1.735" classname="lex.tests.snapshot.CRSnapshotTests"/>
  <testcase name="canClickSignupInHeroImage" time="1.487" classname="lex.tests.snapshot.CRSnapshotTests"/>
  <testcase name="canClickSignupInKnowYourCreditScore" time="1.604" classname="lex.tests.snapshot.CRSnapshotTests"/>
  <testcase name="canClickSignupInModal" time="1.449" classname="lex.tests.snapshot.CRSnapshotTests"/>
  <testcase name="canClickStartNowInHeader" time="1.616" classname="lex.tests.snapshot.CRSnapshotTests"/>
  <testcase name="canSeeGoDaddySeal" time="5.94" classname="lex.tests.snapshot.CRSnapshotTests">
    <skipped/>
  </testcase> <!-- canSeeGoDaddySeal -->
  <testcase name="canSeeGoDaddySeal" time="5.945" classname="lex.tests.snapshot.CRSnapshotTests">
    <skipped/>
  </testcase> <!-- canSeeGoDaddySeal -->
  <testcase name="canSeeGoDaddySeal" time="5.96" classname="lex.tests.snapshot.CRSnapshotTests">
    <skipped/>
  </testcase> <!-- canSeeGoDaddySeal -->
  <testcase name="canSeeGoDaddySeal" time="5.942" classname="lex.tests.snapshot.CRSnapshotTests">
    <skipped/>
  </testcase> <!-- canSeeGoDaddySeal -->
  <testcase name="canSeeGoDaddySeal" time="6.001" classname="lex.tests.snapshot.CRSnapshotTests">
    <failure type="java.lang.AssertionError" message="expected [true] but found [false]">
      <![CDATA[java.lang.AssertionError: expected [true] but found [false]
at lex.tests.snapshot.CRSnapshotTests.canSeeGoDaddySeal(CRSnapshotTests.java:228)
... Removed 33 stack frames]]>
    </failure>
  </testcase> <!-- canSeeGoDaddySeal -->
  <testcase name="canSubmitForm" time="6.907" classname="lex.tests.snapshot.CRSnapshotTests">
    <skipped/>
  </testcase> <!-- canSubmitForm -->
  <testcase name="canSubmitForm" time="6.765" classname="lex.tests.snapshot.CRSnapshotTests">
    <skipped/>
  </testcase> <!-- canSubmitForm -->
  <testcase name="canSubmitForm" time="6.733" classname="lex.tests.snapshot.CRSnapshotTests">
    <skipped/>
  </testcase> <!-- canSubmitForm -->
  <testcase name="canSubmitForm" time="6.735" classname="lex.tests.snapshot.CRSnapshotTests">
    <skipped/>
  </testcase> <!-- canSubmitForm -->
  <testcase name="canSubmitForm" time="6.803" classname="lex.tests.snapshot.CRSnapshotTests">
    <failure type="org.openqa.selenium.TimeoutException" message="Expected condition failed: waiting for url to contain &amp;quot;https://www.creditrepair.com/credit-snapshot/rp&amp;quot;. Current url: &amp;quot;https://www.creditrepair.com/b/credit-snapshot&amp;quot; (tried for 5 second(s) with 100 milliseconds interval)
Build info: version: &amp;apos;3.14.0&amp;apos;, revision: &amp;apos;aacccce0&amp;apos;, time: &amp;apos;2018-08-02T20:19:58.91Z&amp;apos;
System info: host: &amp;apos;martech-d01.vwsl.pgx.local&amp;apos;, ip: &amp;apos;10.40.30.83&amp;apos;, os.name: &amp;apos;Linux&amp;apos;, os.arch: &amp;apos;amd64&amp;apos;, os.version: &amp;apos;3.10.0-1127.el7.x86_64&amp;apos;, java.version: &amp;apos;1.8.0_262&amp;apos;
Driver info: org.openqa.selenium.chrome.ChromeDriver
Capabilities {acceptInsecureCerts: false, browserName: chrome, browserVersion: 85.0.4183.102, chrome: {chromedriverVersion: 85.0.4183.87 (cd6713ebf92fa..., userDataDir: /tmp/.com.google.Chrome.X5aDPd}, goog:chromeOptions: {debuggerAddress: localhost:34798}, javascriptEnabled: true, networkConnectionEnabled: false, pageLoadStrategy: normal, platform: LINUX, platformName: LINUX, proxy: Proxy(), setWindowRect: true, strictFileInteractability: false, timeouts: {implicit: 0, pageLoad: 300000, script: 30000}, unhandledPromptBehavior: dismiss and notify, webauthn:virtualAuthenticators: true}
Session ID: 37d967e63fe1726e2ee3b5a40ffbc376">
      <![CDATA[org.openqa.selenium.TimeoutException: Expected condition failed: waiting for url to contain "https://www.creditrepair.com/credit-snapshot/rp". Current url: "https://www.creditrepair.com/b/credit-snapshot" (tried for 5 second(s) with 100 milliseconds interval)
Build info: version: '3.14.0', revision: 'aacccce0', time: '2018-08-02T20:19:58.91Z'
System info: host: 'martech-d01.vwsl.pgx.local', ip: '10.40.30.83', os.name: 'Linux', os.arch: 'amd64', os.version: '3.10.0-1127.el7.x86_64', java.version: '1.8.0_262'
Driver info: org.openqa.selenium.chrome.ChromeDriver
Capabilities {acceptInsecureCerts: false, browserName: chrome, browserVersion: 85.0.4183.102, chrome: {chromedriverVersion: 85.0.4183.87 (cd6713ebf92fa..., userDataDir: /tmp/.com.google.Chrome.X5aDPd}, goog:chromeOptions: {debuggerAddress: localhost:34798}, javascriptEnabled: true, networkConnectionEnabled: false, pageLoadStrategy: normal, platform: LINUX, platformName: LINUX, proxy: Proxy(), setWindowRect: true, strictFileInteractability: false, timeouts: {implicit: 0, pageLoad: 300000, script: 30000}, unhandledPromptBehavior: dismiss and notify, webauthn:virtualAuthenticators: true}
Session ID: 37d967e63fe1726e2ee3b5a40ffbc376
at org.openqa.selenium.support.ui.WebDriverWait.timeoutException(WebDriverWait.java:113)
at org.openqa.selenium.support.ui.FluentWait.until(FluentWait.java:283)
at lex.framework.core.BasePage.waitForURLToContain(BasePage.java:71)
at lex.tests.snapshot.CRSnapshotTests.canSubmitForm(CRSnapshotTests.java:213)
... Removed 29 stack frames]]>
    </failure>
  </testcase> <!-- canSubmitForm -->
  <testcase name="creditRepairLandingPageStatusCodeIsOk" time="0.789" classname="lex.tests.http.HttpTests"/>
  <testcase name="creditRepairSignupStatusCodeIsOk" time="0.459" classname="lex.tests.http.HttpTests"/>
  <testcase name="creditRepairSnapshotStatusCodeIsOk" time="0.441" classname="lex.tests.http.HttpTests"/>
  <testcase name="creditRepairStatusCodeIsOk" time="0.498" classname="lex.tests.http.HttpTests"/>
  <testcase name="lexHomepageStatusCodeIsOk" time="0.5" classname="lex.tests.http.HttpTests"/>
  <testcase name="lexLandingPageStatusCodeIsOk" time="0.439" classname="lex.tests.http.HttpTests"/>
  <testcase name="lexSignupStatusCodeIsOk" time="0.44" classname="lex.tests.http.HttpTests"/>
  <testcase name="lexSnapshotStatusCodeIsOk" time="0.441" classname="lex.tests.http.HttpTests"/>
</testsuite> <!-- Simple Test -->
