<?xml version="1.0" encoding="UTF-8"?>
<!-- Generated by org.testng.reporters.JUnitXMLReporter -->
<testsuite hostname="PGX51543.local" ignored="0" name="Command line test" tests="7" failures="0" timestamp="29 Jul 2020 20:28:39 GMT" time="0.019" errors="0">
  <testcase name="@BeforeSuite beforeSuite" time="0.117" classname="lex.framework.core.BaseTest">
    <failure type="java.lang.IllegalStateException" message="The driver executable does not exist: /Users/184973/Documents/Automation/lex/chromedriver">
      <![CDATA[java.lang.IllegalStateException: The driver executable does not exist: /Users/184973/Documents/Automation/lex/chromedriver
at com.google.common.base.Preconditions.checkState(Preconditions.java:585)
at org.openqa.selenium.remote.service.DriverService.checkExecutable(DriverService.java:137)
at org.openqa.selenium.remote.service.DriverService.findExecutable(DriverService.java:132)
at org.openqa.selenium.chrome.ChromeDriverService.access$000(ChromeDriverService.java:35)
at org.openqa.selenium.chrome.ChromeDriverService$Builder.findDefaultExecutable(ChromeDriverService.java:156)
at org.openqa.selenium.remote.service.DriverService$Builder.build(DriverService.java:346)
at org.openqa.selenium.chrome.ChromeDriverService.createDefaultService(ChromeDriverService.java:91)
at org.openqa.selenium.chrome.ChromeDriver.<init>(ChromeDriver.java:123)
at lex.framework.core.BaseTest.beforeSuite(BaseTest.java:26)
at lex.tests.creditrepair.TestRunner.main(TestRunner.java:15)
... Removed 17 stack frames]]>
    </failure>
  </testcase> <!-- @BeforeSuite beforeSuite -->
  <testcase name="canNavigateToCreditSnapshot1" time="0.0" classname="lex.tests.creditrepair.CreditRepairOnlineTests">
    <skipped/>
  </testcase> <!-- canNavigateToCreditSnapshot1 -->
  <testcase name="canNavigateToCreditSnapshot2" time="0.0" classname="lex.tests.creditrepair.CreditRepairOnlineTests">
    <skipped/>
  </testcase> <!-- canNavigateToCreditSnapshot2 -->
  <testcase name="canNavigateToSignup1" time="0.0" classname="lex.tests.creditrepair.CreditRepairOnlineTests">
    <skipped/>
  </testcase> <!-- canNavigateToSignup1 -->
  <testcase name="canNavigateToSignup2" time="0.0" classname="lex.tests.creditrepair.CreditRepairOnlineTests">
    <skipped/>
  </testcase> <!-- canNavigateToSignup2 -->
  <testcase name="canNavigateToSignup3" time="0.0" classname="lex.tests.creditrepair.CreditRepairOnlineTests">
    <skipped/>
  </testcase> <!-- canNavigateToSignup3 -->
  <testcase name="canNavigateToSignup4" time="0.0" classname="lex.tests.creditrepair.CreditRepairOnlineTests">
    <skipped/>
  </testcase> <!-- canNavigateToSignup4 -->
  <testcase name="canNavigateToSignup5" time="0.0" classname="lex.tests.creditrepair.CreditRepairOnlineTests">
    <skipped/>
  </testcase> <!-- canNavigateToSignup5 -->
</testsuite> <!-- Command line test -->
