<?xml version="1.0" encoding="UTF-8"?>
<!-- Generated by org.testng.reporters.JUnitXMLReporter -->
<testsuite hostname="martech-d01.vwsl.pgx.local" ignored="13" name="Surefire test" tests="5" failures="1" timestamp="17 Sep 2020 21:18:17 GMT" time="33.196" errors="0">
  <testcase name="canSeeGoDaddySeal" time="7.423" classname="lex.tests.homepage.CRHomepageTests">
    <skipped/>
  </testcase> <!-- canSeeGoDaddySeal -->
  <testcase name="canSeeGoDaddySeal" time="5.95" classname="lex.tests.homepage.CRHomepageTests">
    <skipped/>
  </testcase> <!-- canSeeGoDaddySeal -->
  <testcase name="canSeeGoDaddySeal" time="6.179" classname="lex.tests.homepage.CRHomepageTests">
    <skipped/>
  </testcase> <!-- canSeeGoDaddySeal -->
  <testcase name="canSeeGoDaddySeal" time="6.196" classname="lex.tests.homepage.CRHomepageTests">
    <skipped/>
  </testcase> <!-- canSeeGoDaddySeal -->
  <testcase name="canSeeGoDaddySeal" time="6.246" classname="lex.tests.homepage.CRHomepageTests">
    <failure type="java.lang.AssertionError" message="expected [true] but found [false]">
      <![CDATA[java.lang.AssertionError: expected [true] but found [false]
at lex.tests.homepage.CRHomepageTests.canSeeGoDaddySeal(CRHomepageTests.java:228)
... Removed 34 stack frames]]>
    </failure>
  </testcase> <!-- canSeeGoDaddySeal -->
  <testcase name="canClickSignupHero" time="0.0" classname="lex.tests.homepage.CRHomepageTests">
    <ignored/>
  </testcase> <!-- canClickSignupHero -->
  <testcase name="canClickGetStartedHero" time="0.0" classname="lex.tests.homepage.CRHomepageTests">
    <ignored/>
  </testcase> <!-- canClickGetStartedHero -->
  <testcase name="canClickLoginButton" time="0.0" classname="lex.tests.homepage.CRHomepageTests">
    <ignored/>
  </testcase> <!-- canClickLoginButton -->
  <testcase name="canClickSignupInTopNav" time="0.0" classname="lex.tests.homepage.CRHomepageTests">
    <ignored/>
  </testcase> <!-- canClickSignupInTopNav -->
  <testcase name="canClickGetStartedInHowCreditRepairWorksSection" time="0.0" classname="lex.tests.homepage.CRHomepageTests">
    <ignored/>
  </testcase> <!-- canClickGetStartedInHowCreditRepairWorksSection -->
  <testcase name="canClickSignupInHardWorkSection" time="0.0" classname="lex.tests.homepage.CRHomepageTests">
    <ignored/>
  </testcase> <!-- canClickSignupInHardWorkSection -->
  <testcase name="canClickSignupInModal" time="0.0" classname="lex.tests.homepage.CRHomepageTests">
    <ignored/>
  </testcase> <!-- canClickSignupInModal -->
  <testcase name="canClickSignupInCostSection" time="0.0" classname="lex.tests.homepage.CRHomepageTests">
    <ignored/>
  </testcase> <!-- canClickSignupInCostSection -->
  <testcase name="canSubmitForm" time="0.0" classname="lex.tests.homepage.CRHomepageTests">
    <ignored/>
  </testcase> <!-- canSubmitForm -->
  <testcase name="canClickGetStartedInHardWorkSection" time="0.0" classname="lex.tests.homepage.CRHomepageTests">
    <ignored/>
  </testcase> <!-- canClickGetStartedInHardWorkSection -->
  <testcase name="canClickGetStartedInCostSection" time="0.0" classname="lex.tests.homepage.CRHomepageTests">
    <ignored/>
  </testcase> <!-- canClickGetStartedInCostSection -->
  <testcase name="canClickGetStartedInModal" time="0.0" classname="lex.tests.homepage.CRHomepageTests">
    <ignored/>
  </testcase> <!-- canClickGetStartedInModal -->
  <testcase name="canClickSignupInHowCreditRepairWorksSection" time="0.0" classname="lex.tests.homepage.CRHomepageTests">
    <ignored/>
  </testcase> <!-- canClickSignupInHowCreditRepairWorksSection -->
</testsuite> <!-- Surefire test -->
