<?xml version="1.0" encoding="UTF-8"?>
<!-- Generated by org.testng.reporters.JUnitReportReporter -->
<testsuite skipped="7" hostname="PGX51543.local" name="lex.tests.creditrepair.CreditRepairOnlineTests" tests="8" failures="0" timestamp="29 Jul 2020 20:28:39 GMT" time="0.117" errors="1">
  <testcase name="canNavigateToSignup5" time="0.000" classname="lex.tests.creditrepair.CreditRepairOnlineTests">
    <skipped/>
  </testcase> <!-- canNavigateToSignup5 -->
  <testcase name="canNavigateToSignup1" time="0.000" classname="lex.tests.creditrepair.CreditRepairOnlineTests">
    <skipped/>
  </testcase> <!-- canNavigateToSignup1 -->
  <testcase name="canNavigateToSignup2" time="0.000" classname="lex.tests.creditrepair.CreditRepairOnlineTests">
    <skipped/>
  </testcase> <!-- canNavigateToSignup2 -->
  <testcase name="beforeSuite" time="0.117" classname="lex.tests.creditrepair.CreditRepairOnlineTests">
    <error type="java.lang.IllegalStateException" message="The driver executable does not exist: /Users/184973/Documents/Automation/lex/chromedriver">
      <![CDATA[java.lang.IllegalStateException: The driver executable does not exist: /Users/184973/Documents/Automation/lex/chromedriver
at com.google.common.base.Preconditions.checkState(Preconditions.java:585)
at org.openqa.selenium.remote.service.DriverService.checkExecutable(DriverService.java:137)
at org.openqa.selenium.remote.service.DriverService.findExecutable(DriverService.java:132)
at org.openqa.selenium.chrome.ChromeDriverService.access$000(ChromeDriverService.java:35)
at org.openqa.selenium.chrome.ChromeDriverService$Builder.findDefaultExecutable(ChromeDriverService.java:156)
at org.openqa.selenium.remote.service.DriverService$Builder.build(DriverService.java:346)
at org.openqa.selenium.chrome.ChromeDriverService.createDefaultService(ChromeDriverService.java:91)
at org.openqa.selenium.chrome.ChromeDriver.<init>(ChromeDriver.java:123)
at lex.framework.core.BaseTest.beforeSuite(BaseTest.java:26)
at sun.reflect.NativeMethodAccessorImpl.invoke0(Native Method)
at sun.reflect.NativeMethodAccessorImpl.invoke(NativeMethodAccessorImpl.java:62)
at sun.reflect.DelegatingMethodAccessorImpl.invoke(DelegatingMethodAccessorImpl.java:43)
at java.lang.reflect.Method.invoke(Method.java:498)
at org.testng.internal.MethodInvocationHelper.invokeMethod(MethodInvocationHelper.java:124)
at org.testng.internal.MethodInvocationHelper.invokeMethodConsideringTimeout(MethodInvocationHelper.java:59)
at org.testng.internal.Invoker.invokeConfigurationMethod(Invoker.java:458)
at org.testng.internal.Invoker.invokeConfigurations(Invoker.java:222)
at org.testng.internal.Invoker.invokeConfigurations(Invoker.java:142)
at org.testng.SuiteRunner.privateRun(SuiteRunner.java:401)
at org.testng.SuiteRunner.run(SuiteRunner.java:364)
at org.testng.SuiteRunnerWorker.runSuite(SuiteRunnerWorker.java:52)
at org.testng.SuiteRunnerWorker.run(SuiteRunnerWorker.java:84)
at org.testng.TestNG.runSuitesSequentially(TestNG.java:1208)
at org.testng.TestNG.runSuitesLocally(TestNG.java:1137)
at org.testng.TestNG.runSuites(TestNG.java:1049)
at org.testng.TestNG.run(TestNG.java:1017)
at lex.tests.creditrepair.TestRunner.main(TestRunner.java:15)
]]>
    </error>
  </testcase> <!-- beforeSuite -->
  <testcase name="canNavigateToCreditSnapshot1" time="0.000" classname="lex.tests.creditrepair.CreditRepairOnlineTests">
    <skipped/>
  </testcase> <!-- canNavigateToCreditSnapshot1 -->
  <testcase name="canNavigateToSignup3" time="0.000" classname="lex.tests.creditrepair.CreditRepairOnlineTests">
    <skipped/>
  </testcase> <!-- canNavigateToSignup3 -->
  <testcase name="canNavigateToSignup4" time="0.000" classname="lex.tests.creditrepair.CreditRepairOnlineTests">
    <skipped/>
  </testcase> <!-- canNavigateToSignup4 -->
  <testcase name="canNavigateToCreditSnapshot2" time="0.000" classname="lex.tests.creditrepair.CreditRepairOnlineTests">
    <skipped/>
  </testcase> <!-- canNavigateToCreditSnapshot2 -->
</testsuite> <!-- lex.tests.creditrepair.CreditRepairOnlineTests -->
