<!DOCTYPE html PUBLIC "-//W3C//DTD XHTML 1.1//EN" "http://www.w3.org/TR/xhtml11/DTD/xhtml11.dtd">
<html xmlns="http://www.w3.org/1999/xhtml">
<head>
<meta http-equiv="content-type" content="text/html; charset=UTF-8"/>
<title>TestNG Report</title>
<style type="text/css">table {margin-bottom:10px;border-collapse:collapse;empty-cells:show}th,td {border:1px solid #009;padding:.25em .5em}th {vertical-align:bottom}td {vertical-align:top}table a {font-weight:bold}.stripe td {background-color: #E6EBF9}.num {text-align:right}.passedodd td {background-color: #3F3}.passedeven td {background-color: #0A0}.skippedodd td {background-color: #DDD}.skippedeven td {background-color: #CCC}.failedodd td,.attn {background-color: #F33}.failedeven td,.stripe .attn {background-color: #D00}.stacktrace {white-space:pre;font-family:monospace}.totop {font-size:85%;text-align:center;border-bottom:2px solid #000}.invisible {display:none}</style>
</head>
<body>
<table>
<tr><th>Test</th><th># Passed</th><th># Skipped</th><th># Failed</th><th>Time (ms)</th><th>Included Groups</th><th>Excluded Groups</th></tr>
<tr><th colspan="7">Example test run</th></tr>
<tr><td><a href="#t0">Simple Test</a></td><td class="num">46</td><td class="num attn">37</td><td class="num attn">9</td><td class="num">624,248</td><td></td><td></td></tr>
</table>
<table id='summary'><thead><tr><th>Class</th><th>Method</th><th>Start</th><th>Time (ms)</th></tr></thead><tbody><tr><th colspan="4">Example test run</th></tr></tbody><tbody id="t0"><tr><th colspan="4">Simple Test &#8212; failed</th></tr><tr class="failedeven"><td rowspan="1">lex.tests.homepage.CRHomepageTests</td><td><a href="#m0">canSubmitForm</a></td><td rowspan="1">1599154696192</td><td rowspan="1">14964</td></tr><tr class="failedodd"><td rowspan="7">lex.tests.snapshot.CRSnapshotTests</td><td><a href="#m1">canClickCheckYourCreditNowInHeroImage</a></td><td rowspan="1">1599154889546</td><td rowspan="1">4714</td></tr><tr class="failedodd"><td><a href="#m2">canClickGetStartedCTA</a></td><td rowspan="1">1599154914432</td><td rowspan="1">4886</td></tr><tr class="failedodd"><td><a href="#m3">canClickGetStartedInKnowYourCreditScore</a></td><td rowspan="1">1599154946482</td><td rowspan="1">4603</td></tr><tr class="failedodd"><td><a href="#m4">canClickGetStartedInModal</a></td><td rowspan="1">1599154974194</td><td rowspan="1">4660</td></tr><tr class="failedodd"><td><a href="#m5">canClickGetStartedNowInClientReviews</a></td><td rowspan="1">1599155000663</td><td rowspan="1">4602</td></tr><tr class="failedodd"><td><a href="#m6">canClickStartNowInHeader</a></td><td rowspan="1">1599155063888</td><td rowspan="1">5119</td></tr><tr class="failedodd"><td><a href="#m7">canSubmitForm</a></td><td rowspan="1">1599155100131</td><td rowspan="1">8463</td></tr><tr class="failedeven"><td rowspan="1">lex.tests.snapshot.LexSnapshotTests</td><td><a href="#m8">canSubmitForm</a></td><td rowspan="1">1599154855141</td><td rowspan="1">7880</td></tr><tr><th colspan="4">Simple Test &#8212; skipped</th></tr><tr class="skippedeven"><td rowspan="4">lex.tests.homepage.CRHomepageTests</td><td><a href="#m9">canSubmitForm</a></td><td rowspan="4">1599154681083</td><td rowspan="4">15109</td></tr><tr class="skippedeven"><td><a href="#m10">canSubmitForm</a></td></tr><tr class="skippedeven"><td><a href="#m11">canSubmitForm</a></td></tr><tr class="skippedeven"><td><a href="#m12">canSubmitForm</a></td></tr><tr class="skippedodd"><td rowspan="1">lex.tests.homepage.LexHomepageTests</td><td><a href="#m13">canClickSignupLinkInImageRevealSection</a></td><td rowspan="1">1599154515542</td><td rowspan="1">1543</td></tr><tr class="skippedeven"><td rowspan="28">lex.tests.snapshot.CRSnapshotTests</td><td><a href="#m14">canClickCheckYourCreditNowInHeroImage</a></td><td rowspan="4">1599154864067</td><td rowspan="4">9571</td></tr><tr class="skippedeven"><td><a href="#m15">canClickCheckYourCreditNowInHeroImage</a></td></tr><tr class="skippedeven"><td><a href="#m16">canClickCheckYourCreditNowInHeroImage</a></td></tr><tr class="skippedeven"><td><a href="#m17">canClickCheckYourCreditNowInHeroImage</a></td></tr><tr class="skippedeven"><td><a href="#m18">canClickGetStartedCTA</a></td><td rowspan="4">1599154894260</td><td rowspan="4">5496</td></tr><tr class="skippedeven"><td><a href="#m19">canClickGetStartedCTA</a></td></tr><tr class="skippedeven"><td><a href="#m20">canClickGetStartedCTA</a></td></tr><tr class="skippedeven"><td><a href="#m21">canClickGetStartedCTA</a></td></tr><tr class="skippedeven"><td><a href="#m22">canClickGetStartedInKnowYourCreditScore</a></td><td rowspan="4">1599154919318</td><td rowspan="4">4831</td></tr><tr class="skippedeven"><td><a href="#m23">canClickGetStartedInKnowYourCreditScore</a></td></tr><tr class="skippedeven"><td><a href="#m24">canClickGetStartedInKnowYourCreditScore</a></td></tr><tr class="skippedeven"><td><a href="#m25">canClickGetStartedInKnowYourCreditScore</a></td></tr><tr class="skippedeven"><td><a href="#m26">canClickGetStartedInModal</a></td><td rowspan="4">1599154951085</td><td rowspan="4">5693</td></tr><tr class="skippedeven"><td><a href="#m27">canClickGetStartedInModal</a></td></tr><tr class="skippedeven"><td><a href="#m28">canClickGetStartedInModal</a></td></tr><tr class="skippedeven"><td><a href="#m29">canClickGetStartedInModal</a></td></tr><tr class="skippedeven"><td><a href="#m30">canClickGetStartedNowInClientReviews</a></td><td rowspan="4">1599154994974</td><td rowspan="4">5689</td></tr><tr class="skippedeven"><td><a href="#m31">canClickGetStartedNowInClientReviews</a></td></tr><tr class="skippedeven"><td><a href="#m32">canClickGetStartedNowInClientReviews</a></td></tr><tr class="skippedeven"><td><a href="#m33">canClickGetStartedNowInClientReviews</a></td></tr><tr class="skippedeven"><td><a href="#m34">canClickStartNowInHeader</a></td><td rowspan="4">1599155049252</td><td rowspan="4">4628</td></tr><tr class="skippedeven"><td><a href="#m35">canClickStartNowInHeader</a></td></tr><tr class="skippedeven"><td><a href="#m36">canClickStartNowInHeader</a></td></tr><tr class="skippedeven"><td><a href="#m37">canClickStartNowInHeader</a></td></tr><tr class="skippedeven"><td><a href="#m38">canSubmitForm</a></td><td rowspan="4">1599155092566</td><td rowspan="4">7565</td></tr><tr class="skippedeven"><td><a href="#m39">canSubmitForm</a></td></tr><tr class="skippedeven"><td><a href="#m40">canSubmitForm</a></td></tr><tr class="skippedeven"><td><a href="#m41">canSubmitForm</a></td></tr><tr class="skippedodd"><td rowspan="4">lex.tests.snapshot.LexSnapshotTests</td><td><a href="#m42">canSubmitForm</a></td><td rowspan="4">1599154821123</td><td rowspan="4">9845</td></tr><tr class="skippedodd"><td><a href="#m43">canSubmitForm</a></td></tr><tr class="skippedodd"><td><a href="#m44">canSubmitForm</a></td></tr><tr class="skippedodd"><td><a href="#m45">canSubmitForm</a></td></tr><tr><th colspan="4">Simple Test &#8212; passed</th></tr><tr class="passedeven"><td rowspan="12">lex.tests.homepage.CRHomepageTests</td><td><a href="#m46">canClickGetStartedHero</a></td><td rowspan="1">1599154544754</td><td rowspan="1">14281</td></tr><tr class="passedeven"><td><a href="#m47">canClickGetStartedInCostSection</a></td><td rowspan="1">1599154559035</td><td rowspan="1">7953</td></tr><tr class="passedeven"><td><a href="#m48">canClickGetStartedInHardWorkSection</a></td><td rowspan="1">1599154566988</td><td rowspan="1">6999</td></tr><tr class="passedeven"><td><a href="#m49">canClickGetStartedInHowCreditRepairWorksSection</a></td><td rowspan="1">1599154573987</td><td rowspan="1">6675</td></tr><tr class="passedeven"><td><a href="#m50">canClickGetStartedInModal</a></td><td rowspan="1">1599154580663</td><td rowspan="1">6800</td></tr><tr class="passedeven"><td><a href="#m51">canClickLoginButton</a></td><td rowspan="1">1599154587463</td><td rowspan="1">7002</td></tr><tr class="passedeven"><td><a href="#m52">canClickSignupHero</a></td><td rowspan="1">1599154594465</td><td rowspan="1">7480</td></tr><tr class="passedeven"><td><a href="#m53">canClickSignupInCostSection</a></td><td rowspan="1">1599154601945</td><td rowspan="1">6458</td></tr><tr class="passedeven"><td><a href="#m54">canClickSignupInHardWorkSection</a></td><td rowspan="1">1599154608403</td><td rowspan="1">6010</td></tr><tr class="passedeven"><td><a href="#m55">canClickSignupInHowCreditRepairWorksSection</a></td><td rowspan="1">1599154614413</td><td rowspan="1">7923</td></tr><tr class="passedeven"><td><a href="#m56">canClickSignupInModal</a></td><td rowspan="1">1599154622336</td><td rowspan="1">5938</td></tr><tr class="passedeven"><td><a href="#m57">canClickSignupInTopNav</a></td><td rowspan="1">1599154628274</td><td rowspan="1">6205</td></tr><tr class="passedodd"><td rowspan="14">lex.tests.homepage.LexHomepageTests</td><td><a href="#m58">canClickGetStartedButtonInClientReviewsSection</a></td><td rowspan="1">1599154485550</td><td rowspan="1">5534</td></tr><tr class="passedodd"><td><a href="#m59">canClickGetStartedButtonInHeroSection</a></td><td rowspan="1">1599154491085</td><td rowspan="1">3095</td></tr><tr class="passedodd"><td><a href="#m60">canClickGetStartedButtonInImageRevealSection</a></td><td rowspan="1">1599154494180</td><td rowspan="1">2898</td></tr><tr class="passedodd"><td><a href="#m61">canClickGetStartedLinkInHeroSection</a></td><td rowspan="1">1599154497079</td><td rowspan="1">2946</td></tr><tr class="passedodd"><td><a href="#m62">canClickSeeMyCreditButton</a></td><td rowspan="1">1599154500026</td><td rowspan="1">3291</td></tr><tr class="passedodd"><td><a href="#m63">canClickSignupCreditCostLink</a></td><td rowspan="1">1599154503317</td><td rowspan="1">4408</td></tr><tr class="passedodd"><td><a href="#m64">canClickSignupLinkInClientReviewsSection</a></td><td rowspan="1">1599154507726</td><td rowspan="1">3797</td></tr><tr class="passedodd"><td><a href="#m65">canClickSignupLinkInHeroSection</a></td><td rowspan="1">1599154511523</td><td rowspan="1">4019</td></tr><tr class="passedodd"><td><a href="#m66">canClickSignupLinkInImageRevealSection</a></td><td rowspan="1">1599154517086</td><td rowspan="1">4253</td></tr><tr class="passedodd"><td><a href="#m67">canNavigateToCreditHelp</a></td><td rowspan="1">1599154521339</td><td rowspan="1">6117</td></tr><tr class="passedodd"><td><a href="#m68">canNavigateToCreditRepair</a></td><td rowspan="1">1599154527456</td><td rowspan="1">4701</td></tr><tr class="passedodd"><td><a href="#m69">canNavigateToOurFirm</a></td><td rowspan="1">1599154532157</td><td rowspan="1">4877</td></tr><tr class="passedodd"><td><a href="#m70">canNavigateToSignUp</a></td><td rowspan="1">1599154537034</td><td rowspan="1">5678</td></tr><tr class="passedodd"><td><a href="#m71">isAtHomepage</a></td><td rowspan="1">1599154542713</td><td rowspan="1">1510</td></tr><tr class="passedeven"><td rowspan="6">lex.tests.snapshot.CRSnapshotTests</td><td><a href="#m72">canClickLoginButton</a></td><td rowspan="1">1599155005265</td><td rowspan="1">6756</td></tr><tr class="passedeven"><td><a href="#m73">canClickSignupCTA</a></td><td rowspan="1">1599155012021</td><td rowspan="1">5728</td></tr><tr class="passedeven"><td><a href="#m74">canClickSignupInClientReviews</a></td><td rowspan="1">1599155017749</td><td rowspan="1">7049</td></tr><tr class="passedeven"><td><a href="#m75">canClickSignupInHeroImage</a></td><td rowspan="1">1599155024798</td><td rowspan="1">5805</td></tr><tr class="passedeven"><td><a href="#m76">canClickSignupInKnowYourCreditScore</a></td><td rowspan="1">1599155030603</td><td rowspan="1">6716</td></tr><tr class="passedeven"><td><a href="#m77">canClickSignupInModal</a></td><td rowspan="1">1599155037319</td><td rowspan="1">6807</td></tr><tr class="passedodd"><td rowspan="14">lex.tests.snapshot.LexSnapshotTests</td><td><a href="#m78">canClickCheckYourCreditNowCTA</a></td><td rowspan="1">1599154712206</td><td rowspan="1">10026</td></tr><tr class="passedodd"><td><a href="#m79">canClickCheckYourCreditNowInModal</a></td><td rowspan="1">1599154722233</td><td rowspan="1">7011</td></tr><tr class="passedodd"><td><a href="#m80">canClickGetStartedInKnowYourCreditScore</a></td><td rowspan="1">1599154729245</td><td rowspan="1">7393</td></tr><tr class="passedodd"><td><a href="#m81">canClickGetStartedNowInHowItWorks</a></td><td rowspan="1">1599154736638</td><td rowspan="1">6886</td></tr><tr class="passedodd"><td><a href="#m82">canClickLoginButton</a></td><td rowspan="1">1599154743524</td><td rowspan="1">7633</td></tr><tr class="passedodd"><td><a href="#m83">canClickSeeYourCreditNowInFAQ</a></td><td rowspan="1">1599154751157</td><td rowspan="1">8687</td></tr><tr class="passedodd"><td><a href="#m84">canClickSignupCTA</a></td><td rowspan="1">1599154759844</td><td rowspan="1">6902</td></tr><tr class="passedodd"><td><a href="#m85">canClickSignupInFAQ</a></td><td rowspan="1">1599154766746</td><td rowspan="1">7566</td></tr><tr class="passedodd"><td><a href="#m86">canClickSignupInHeroImage</a></td><td rowspan="1">1599154774313</td><td rowspan="1">7774</td></tr><tr class="passedodd"><td><a href="#m87">canClickSignupInHowItWorks</a></td><td rowspan="1">1599154782087</td><td rowspan="1">9419</td></tr><tr class="passedodd"><td><a href="#m88">canClickSignupInKnowYourCreditScore</a></td><td rowspan="1">1599154791506</td><td rowspan="1">7674</td></tr><tr class="passedodd"><td><a href="#m89">canClickSignupInModal</a></td><td rowspan="1">1599154799180</td><td rowspan="1">7833</td></tr><tr class="passedodd"><td><a href="#m90">canClickStartNowInHeader</a></td><td rowspan="1">1599154807014</td><td rowspan="1">7746</td></tr><tr class="passedodd"><td><a href="#m91">canClickStartNowInHeroImage</a></td><td rowspan="1">1599154814760</td><td rowspan="1">6363</td></tr></tbody>
</table>
<h2>Simple Test</h2><h3 id="m0">lex.tests.homepage.CRHomepageTests#canSubmitForm</h3><table class="result"><tr><th>Exception</th></tr><tr><td><div class="stacktrace">org.openqa.selenium.NoSuchElementException: Timed out after 5 seconds. Unable to locate the element
	at org.openqa.selenium.support.pagefactory.AjaxElementLocator.findElement(AjaxElementLocator.java:123)
	at org.openqa.selenium.support.pagefactory.internal.LocatingElementHandler.invoke(LocatingElementHandler.java:38)
	at com.sun.proxy.$Proxy7.getAttribute(Unknown Source)
	at lex.pageobjects.homepage.CRHomepage.sliderAppOpened(CRHomepage.java:193)
	at lex.tests.homepage.CRHomepageTests.canSubmitForm(CRHomepageTests.java:121)
Caused by: org.openqa.selenium.NoSuchElementException: no such element: Unable to locate element: {&quot;method&quot;:&quot;css selector&quot;,&quot;selector&quot;:&quot;div.slider-app-wrapper&quot;}
  (Session info: headless chrome=85.0.4183.83)
For documentation on this error, please visit: http://seleniumhq.org/exceptions/no_such_element.html
Build info: version: &apos;3.14.0&apos;, revision: &apos;aacccce0&apos;, time: &apos;2018-08-02T20:19:58.91Z&apos;
System info: host: &apos;pgx180189mac.local&apos;, ip: &apos;2601:681:527f:1b40:8859:a441:8ebb:6da1%en0&apos;, os.name: &apos;Mac OS X&apos;, os.arch: &apos;x86_64&apos;, os.version: &apos;10.15.6&apos;, java.version: &apos;1.8.0_261&apos;
Driver info: org.openqa.selenium.chrome.ChromeDriver
Capabilities {acceptInsecureCerts: false, browserName: chrome, browserVersion: 85.0.4183.83, chrome: {chromedriverVersion: 85.0.4183.87 (cd6713ebf92fa..., userDataDir: /var/folders/2r/2bvglkkd41b...}, goog:chromeOptions: {debuggerAddress: localhost:51736}, javascriptEnabled: true, networkConnectionEnabled: false, pageLoadStrategy: normal, platform: MAC, platformName: MAC, proxy: Proxy(), setWindowRect: true, strictFileInteractability: false, timeouts: {implicit: 0, pageLoad: 300000, script: 30000}, unhandledPromptBehavior: dismiss and notify, webauthn:virtualAuthenticators: true}
Session ID: 9991e72fd3dcafa45fd60819409700c3
*** Element info: {Using=css selector, value=div.slider-app-wrapper}
	at org.openqa.selenium.remote.http.W3CHttpResponseCodec.createException(W3CHttpResponseCodec.java:187)
	at org.openqa.selenium.remote.http.W3CHttpResponseCodec.decode(W3CHttpResponseCodec.java:122)
	at org.openqa.selenium.remote.http.W3CHttpResponseCodec.decode(W3CHttpResponseCodec.java:49)
	at org.openqa.selenium.remote.HttpCommandExecutor.execute(HttpCommandExecutor.java:158)
	at org.openqa.selenium.remote.service.DriverCommandExecutor.execute(DriverCommandExecutor.java:83)
	at org.openqa.selenium.remote.RemoteWebDriver.execute(RemoteWebDriver.java:548)
	at org.openqa.selenium.remote.RemoteWebDriver.findElement(RemoteWebDriver.java:322)
	at org.openqa.selenium.remote.RemoteWebDriver.findElementByCssSelector(RemoteWebDriver.java:416)
	at org.openqa.selenium.By$ByCssSelector.findElement(By.java:431)
	at org.openqa.selenium.remote.RemoteWebDriver.findElement(RemoteWebDriver.java:314)
	at org.openqa.selenium.support.pagefactory.DefaultElementLocator.findElement(DefaultElementLocator.java:69)
	at org.openqa.selenium.support.pagefactory.AjaxElementLocator.access$001(AjaxElementLocator.java:39)
	at org.openqa.selenium.support.pagefactory.AjaxElementLocator$SlowLoadingElement.isLoaded(AjaxElementLocator.java:194)
	at org.openqa.selenium.support.ui.SlowLoadableComponent.get(SlowLoadableComponent.java:78)
	at org.openqa.selenium.support.pagefactory.AjaxElementLocator.findElement(AjaxElementLocator.java:119)
	... 33 more
... Removed 32 stack frames</div></td></tr></table><p class="totop"><a href="#summary">back to summary</a></p>
<h3 id="m1">lex.tests.snapshot.CRSnapshotTests#canClickCheckYourCreditNowInHeroImage</h3><table class="result"><tr><th>Exception</th></tr><tr><td><div class="stacktrace">java.lang.AssertionError: expected [true] but found [false]
	at lex.tests.snapshot.CRSnapshotTests.canClickCheckYourCreditNowInHeroImage(CRSnapshotTests.java:81)
... Removed 33 stack frames</div></td></tr></table><p class="totop"><a href="#summary">back to summary</a></p>
<h3 id="m2">lex.tests.snapshot.CRSnapshotTests#canClickGetStartedCTA</h3><table class="result"><tr><th>Exception</th></tr><tr><td><div class="stacktrace">java.lang.AssertionError: expected [true] but found [false]
	at lex.tests.snapshot.CRSnapshotTests.canClickGetStartedCTA(CRSnapshotTests.java:177)
... Removed 33 stack frames</div></td></tr></table><p class="totop"><a href="#summary">back to summary</a></p>
<h3 id="m3">lex.tests.snapshot.CRSnapshotTests#canClickGetStartedInKnowYourCreditScore</h3><table class="result"><tr><th>Exception</th></tr><tr><td><div class="stacktrace">java.lang.AssertionError: expected [true] but found [false]
	at lex.tests.snapshot.CRSnapshotTests.canClickGetStartedInKnowYourCreditScore(CRSnapshotTests.java:145)
... Removed 33 stack frames</div></td></tr></table><p class="totop"><a href="#summary">back to summary</a></p>
<h3 id="m4">lex.tests.snapshot.CRSnapshotTests#canClickGetStartedInModal</h3><table class="result"><tr><th>Exception</th></tr><tr><td><div class="stacktrace">java.lang.AssertionError: expected [true] but found [false]
	at lex.tests.snapshot.CRSnapshotTests.canClickGetStartedInModal(CRSnapshotTests.java:18)
... Removed 33 stack frames</div></td></tr></table><p class="totop"><a href="#summary">back to summary</a></p>
<h3 id="m5">lex.tests.snapshot.CRSnapshotTests#canClickGetStartedNowInClientReviews</h3><table class="result"><tr><th>Exception</th></tr><tr><td><div class="stacktrace">java.lang.AssertionError: expected [true] but found [false]
	at lex.tests.snapshot.CRSnapshotTests.canClickGetStartedNowInClientReviews(CRSnapshotTests.java:113)
... Removed 33 stack frames</div></td></tr></table><p class="totop"><a href="#summary">back to summary</a></p>
<h3 id="m6">lex.tests.snapshot.CRSnapshotTests#canClickStartNowInHeader</h3><table class="result"><tr><th>Exception</th></tr><tr><td><div class="stacktrace">java.lang.AssertionError: expected [true] but found [false]
	at lex.tests.snapshot.CRSnapshotTests.canClickStartNowInHeader(CRSnapshotTests.java:65)
... Removed 33 stack frames</div></td></tr></table><p class="totop"><a href="#summary">back to summary</a></p>
<h3 id="m7">lex.tests.snapshot.CRSnapshotTests#canSubmitForm</h3><table class="result"><tr><th>Exception</th></tr><tr><td><div class="stacktrace">java.lang.AssertionError: expected [true] but found [false]
	at lex.tests.snapshot.CRSnapshotTests.canSubmitForm(CRSnapshotTests.java:216)
... Removed 33 stack frames</div></td></tr></table><p class="totop"><a href="#summary">back to summary</a></p>
<h3 id="m8">lex.tests.snapshot.LexSnapshotTests#canSubmitForm</h3><table class="result"><tr><th>Exception</th></tr><tr><td><div class="stacktrace">java.lang.AssertionError: expected [true] but found [false]
	at lex.tests.snapshot.LexSnapshotTests.canSubmitForm(LexSnapshotTests.java:248)
... Removed 33 stack frames</div></td></tr></table><p class="totop"><a href="#summary">back to summary</a></p>
<h3 id="m9">lex.tests.homepage.CRHomepageTests#canSubmitForm</h3><table class="result"><tr><th>Exception</th></tr><tr><td><div class="stacktrace">org.openqa.selenium.NoSuchElementException: Timed out after 5 seconds. Unable to locate the element
	at org.openqa.selenium.support.pagefactory.AjaxElementLocator.findElement(AjaxElementLocator.java:123)
	at org.openqa.selenium.support.pagefactory.internal.LocatingElementHandler.invoke(LocatingElementHandler.java:38)
	at com.sun.proxy.$Proxy7.getAttribute(Unknown Source)
	at lex.pageobjects.homepage.CRHomepage.sliderAppOpened(CRHomepage.java:193)
	at lex.tests.homepage.CRHomepageTests.canSubmitForm(CRHomepageTests.java:121)
Caused by: org.openqa.selenium.NoSuchElementException: no such element: Unable to locate element: {&quot;method&quot;:&quot;css selector&quot;,&quot;selector&quot;:&quot;div.slider-app-wrapper&quot;}
  (Session info: headless chrome=85.0.4183.83)
For documentation on this error, please visit: http://seleniumhq.org/exceptions/no_such_element.html
Build info: version: &apos;3.14.0&apos;, revision: &apos;aacccce0&apos;, time: &apos;2018-08-02T20:19:58.91Z&apos;
System info: host: &apos;pgx180189mac.local&apos;, ip: &apos;2601:681:527f:1b40:8859:a441:8ebb:6da1%en0&apos;, os.name: &apos;Mac OS X&apos;, os.arch: &apos;x86_64&apos;, os.version: &apos;10.15.6&apos;, java.version: &apos;1.8.0_261&apos;
Driver info: org.openqa.selenium.chrome.ChromeDriver
Capabilities {acceptInsecureCerts: false, browserName: chrome, browserVersion: 85.0.4183.83, chrome: {chromedriverVersion: 85.0.4183.87 (cd6713ebf92fa..., userDataDir: /var/folders/2r/2bvglkkd41b...}, goog:chromeOptions: {debuggerAddress: localhost:51736}, javascriptEnabled: true, networkConnectionEnabled: false, pageLoadStrategy: normal, platform: MAC, platformName: MAC, proxy: Proxy(), setWindowRect: true, strictFileInteractability: false, timeouts: {implicit: 0, pageLoad: 300000, script: 30000}, unhandledPromptBehavior: dismiss and notify, webauthn:virtualAuthenticators: true}
Session ID: 9991e72fd3dcafa45fd60819409700c3
*** Element info: {Using=css selector, value=div.slider-app-wrapper}
	at org.openqa.selenium.remote.http.W3CHttpResponseCodec.createException(W3CHttpResponseCodec.java:187)
	at org.openqa.selenium.remote.http.W3CHttpResponseCodec.decode(W3CHttpResponseCodec.java:122)
	at org.openqa.selenium.remote.http.W3CHttpResponseCodec.decode(W3CHttpResponseCodec.java:49)
	at org.openqa.selenium.remote.HttpCommandExecutor.execute(HttpCommandExecutor.java:158)
	at org.openqa.selenium.remote.service.DriverCommandExecutor.execute(DriverCommandExecutor.java:83)
	at org.openqa.selenium.remote.RemoteWebDriver.execute(RemoteWebDriver.java:548)
	at org.openqa.selenium.remote.RemoteWebDriver.findElement(RemoteWebDriver.java:322)
	at org.openqa.selenium.remote.RemoteWebDriver.findElementByCssSelector(RemoteWebDriver.java:416)
	at org.openqa.selenium.By$ByCssSelector.findElement(By.java:431)
	at org.openqa.selenium.remote.RemoteWebDriver.findElement(RemoteWebDriver.java:314)
	at org.openqa.selenium.support.pagefactory.DefaultElementLocator.findElement(DefaultElementLocator.java:69)
	at org.openqa.selenium.support.pagefactory.AjaxElementLocator.access$001(AjaxElementLocator.java:39)
	at org.openqa.selenium.support.pagefactory.AjaxElementLocator$SlowLoadingElement.isLoaded(AjaxElementLocator.java:194)
	at org.openqa.selenium.support.ui.SlowLoadableComponent.get(SlowLoadableComponent.java:78)
	at org.openqa.selenium.support.pagefactory.AjaxElementLocator.findElement(AjaxElementLocator.java:119)
	... 33 more
... Removed 32 stack frames</div></td></tr></table><p class="totop"><a href="#summary">back to summary</a></p>
<h3 id="m10">lex.tests.homepage.CRHomepageTests#canSubmitForm</h3><table class="result"><tr><th>Exception</th></tr><tr><td><div class="stacktrace">org.openqa.selenium.NoSuchElementException: Timed out after 5 seconds. Unable to locate the element
	at org.openqa.selenium.support.pagefactory.AjaxElementLocator.findElement(AjaxElementLocator.java:123)
	at org.openqa.selenium.support.pagefactory.internal.LocatingElementHandler.invoke(LocatingElementHandler.java:38)
	at com.sun.proxy.$Proxy7.getAttribute(Unknown Source)
	at lex.pageobjects.homepage.CRHomepage.sliderAppOpened(CRHomepage.java:193)
	at lex.tests.homepage.CRHomepageTests.canSubmitForm(CRHomepageTests.java:121)
Caused by: org.openqa.selenium.NoSuchElementException: no such element: Unable to locate element: {&quot;method&quot;:&quot;css selector&quot;,&quot;selector&quot;:&quot;div.slider-app-wrapper&quot;}
  (Session info: headless chrome=85.0.4183.83)
For documentation on this error, please visit: http://seleniumhq.org/exceptions/no_such_element.html
Build info: version: &apos;3.14.0&apos;, revision: &apos;aacccce0&apos;, time: &apos;2018-08-02T20:19:58.91Z&apos;
System info: host: &apos;pgx180189mac.local&apos;, ip: &apos;2601:681:527f:1b40:8859:a441:8ebb:6da1%en0&apos;, os.name: &apos;Mac OS X&apos;, os.arch: &apos;x86_64&apos;, os.version: &apos;10.15.6&apos;, java.version: &apos;1.8.0_261&apos;
Driver info: org.openqa.selenium.chrome.ChromeDriver
Capabilities {acceptInsecureCerts: false, browserName: chrome, browserVersion: 85.0.4183.83, chrome: {chromedriverVersion: 85.0.4183.87 (cd6713ebf92fa..., userDataDir: /var/folders/2r/2bvglkkd41b...}, goog:chromeOptions: {debuggerAddress: localhost:51736}, javascriptEnabled: true, networkConnectionEnabled: false, pageLoadStrategy: normal, platform: MAC, platformName: MAC, proxy: Proxy(), setWindowRect: true, strictFileInteractability: false, timeouts: {implicit: 0, pageLoad: 300000, script: 30000}, unhandledPromptBehavior: dismiss and notify, webauthn:virtualAuthenticators: true}
Session ID: 9991e72fd3dcafa45fd60819409700c3
*** Element info: {Using=css selector, value=div.slider-app-wrapper}
	at org.openqa.selenium.remote.http.W3CHttpResponseCodec.createException(W3CHttpResponseCodec.java:187)
	at org.openqa.selenium.remote.http.W3CHttpResponseCodec.decode(W3CHttpResponseCodec.java:122)
	at org.openqa.selenium.remote.http.W3CHttpResponseCodec.decode(W3CHttpResponseCodec.java:49)
	at org.openqa.selenium.remote.HttpCommandExecutor.execute(HttpCommandExecutor.java:158)
	at org.openqa.selenium.remote.service.DriverCommandExecutor.execute(DriverCommandExecutor.java:83)
	at org.openqa.selenium.remote.RemoteWebDriver.execute(RemoteWebDriver.java:548)
	at org.openqa.selenium.remote.RemoteWebDriver.findElement(RemoteWebDriver.java:322)
	at org.openqa.selenium.remote.RemoteWebDriver.findElementByCssSelector(RemoteWebDriver.java:416)
	at org.openqa.selenium.By$ByCssSelector.findElement(By.java:431)
	at org.openqa.selenium.remote.RemoteWebDriver.findElement(RemoteWebDriver.java:314)
	at org.openqa.selenium.support.pagefactory.DefaultElementLocator.findElement(DefaultElementLocator.java:69)
	at org.openqa.selenium.support.pagefactory.AjaxElementLocator.access$001(AjaxElementLocator.java:39)
	at org.openqa.selenium.support.pagefactory.AjaxElementLocator$SlowLoadingElement.isLoaded(AjaxElementLocator.java:194)
	at org.openqa.selenium.support.ui.SlowLoadableComponent.get(SlowLoadableComponent.java:78)
	at org.openqa.selenium.support.pagefactory.AjaxElementLocator.findElement(AjaxElementLocator.java:119)
	... 33 more
... Removed 32 stack frames</div></td></tr></table><p class="totop"><a href="#summary">back to summary</a></p>
<h3 id="m11">lex.tests.homepage.CRHomepageTests#canSubmitForm</h3><table class="result"><tr><th>Exception</th></tr><tr><td><div class="stacktrace">org.openqa.selenium.NoSuchElementException: Timed out after 5 seconds. Unable to locate the element
	at org.openqa.selenium.support.pagefactory.AjaxElementLocator.findElement(AjaxElementLocator.java:123)
	at org.openqa.selenium.support.pagefactory.internal.LocatingElementHandler.invoke(LocatingElementHandler.java:38)
	at com.sun.proxy.$Proxy7.getAttribute(Unknown Source)
	at lex.pageobjects.homepage.CRHomepage.sliderAppOpened(CRHomepage.java:193)
	at lex.tests.homepage.CRHomepageTests.canSubmitForm(CRHomepageTests.java:121)
Caused by: org.openqa.selenium.NoSuchElementException: no such element: Unable to locate element: {&quot;method&quot;:&quot;css selector&quot;,&quot;selector&quot;:&quot;div.slider-app-wrapper&quot;}
  (Session info: headless chrome=85.0.4183.83)
For documentation on this error, please visit: http://seleniumhq.org/exceptions/no_such_element.html
Build info: version: &apos;3.14.0&apos;, revision: &apos;aacccce0&apos;, time: &apos;2018-08-02T20:19:58.91Z&apos;
System info: host: &apos;pgx180189mac.local&apos;, ip: &apos;2601:681:527f:1b40:8859:a441:8ebb:6da1%en0&apos;, os.name: &apos;Mac OS X&apos;, os.arch: &apos;x86_64&apos;, os.version: &apos;10.15.6&apos;, java.version: &apos;1.8.0_261&apos;
Driver info: org.openqa.selenium.chrome.ChromeDriver
Capabilities {acceptInsecureCerts: false, browserName: chrome, browserVersion: 85.0.4183.83, chrome: {chromedriverVersion: 85.0.4183.87 (cd6713ebf92fa..., userDataDir: /var/folders/2r/2bvglkkd41b...}, goog:chromeOptions: {debuggerAddress: localhost:51736}, javascriptEnabled: true, networkConnectionEnabled: false, pageLoadStrategy: normal, platform: MAC, platformName: MAC, proxy: Proxy(), setWindowRect: true, strictFileInteractability: false, timeouts: {implicit: 0, pageLoad: 300000, script: 30000}, unhandledPromptBehavior: dismiss and notify, webauthn:virtualAuthenticators: true}
Session ID: 9991e72fd3dcafa45fd60819409700c3
*** Element info: {Using=css selector, value=div.slider-app-wrapper}
	at org.openqa.selenium.remote.http.W3CHttpResponseCodec.createException(W3CHttpResponseCodec.java:187)
	at org.openqa.selenium.remote.http.W3CHttpResponseCodec.decode(W3CHttpResponseCodec.java:122)
	at org.openqa.selenium.remote.http.W3CHttpResponseCodec.decode(W3CHttpResponseCodec.java:49)
	at org.openqa.selenium.remote.HttpCommandExecutor.execute(HttpCommandExecutor.java:158)
	at org.openqa.selenium.remote.service.DriverCommandExecutor.execute(DriverCommandExecutor.java:83)
	at org.openqa.selenium.remote.RemoteWebDriver.execute(RemoteWebDriver.java:548)
	at org.openqa.selenium.remote.RemoteWebDriver.findElement(RemoteWebDriver.java:322)
	at org.openqa.selenium.remote.RemoteWebDriver.findElementByCssSelector(RemoteWebDriver.java:416)
	at org.openqa.selenium.By$ByCssSelector.findElement(By.java:431)
	at org.openqa.selenium.remote.RemoteWebDriver.findElement(RemoteWebDriver.java:314)
	at org.openqa.selenium.support.pagefactory.DefaultElementLocator.findElement(DefaultElementLocator.java:69)
	at org.openqa.selenium.support.pagefactory.AjaxElementLocator.access$001(AjaxElementLocator.java:39)
	at org.openqa.selenium.support.pagefactory.AjaxElementLocator$SlowLoadingElement.isLoaded(AjaxElementLocator.java:194)
	at org.openqa.selenium.support.ui.SlowLoadableComponent.get(SlowLoadableComponent.java:78)
	at org.openqa.selenium.support.pagefactory.AjaxElementLocator.findElement(AjaxElementLocator.java:119)
	... 33 more
... Removed 32 stack frames</div></td></tr></table><p class="totop"><a href="#summary">back to summary</a></p>
<h3 id="m12">lex.tests.homepage.CRHomepageTests#canSubmitForm</h3><table class="result"><tr><th>Exception</th></tr><tr><td><div class="stacktrace">org.openqa.selenium.NoSuchElementException: Timed out after 5 seconds. Unable to locate the element
	at org.openqa.selenium.support.pagefactory.AjaxElementLocator.findElement(AjaxElementLocator.java:123)
	at org.openqa.selenium.support.pagefactory.internal.LocatingElementHandler.invoke(LocatingElementHandler.java:38)
	at com.sun.proxy.$Proxy7.getAttribute(Unknown Source)
	at lex.pageobjects.homepage.CRHomepage.sliderAppOpened(CRHomepage.java:193)
	at lex.tests.homepage.CRHomepageTests.canSubmitForm(CRHomepageTests.java:121)
Caused by: org.openqa.selenium.NoSuchElementException: no such element: Unable to locate element: {&quot;method&quot;:&quot;css selector&quot;,&quot;selector&quot;:&quot;div.slider-app-wrapper&quot;}
  (Session info: headless chrome=85.0.4183.83)
For documentation on this error, please visit: http://seleniumhq.org/exceptions/no_such_element.html
Build info: version: &apos;3.14.0&apos;, revision: &apos;aacccce0&apos;, time: &apos;2018-08-02T20:19:58.91Z&apos;
System info: host: &apos;pgx180189mac.local&apos;, ip: &apos;2601:681:527f:1b40:8859:a441:8ebb:6da1%en0&apos;, os.name: &apos;Mac OS X&apos;, os.arch: &apos;x86_64&apos;, os.version: &apos;10.15.6&apos;, java.version: &apos;1.8.0_261&apos;
Driver info: org.openqa.selenium.chrome.ChromeDriver
Capabilities {acceptInsecureCerts: false, browserName: chrome, browserVersion: 85.0.4183.83, chrome: {chromedriverVersion: 85.0.4183.87 (cd6713ebf92fa..., userDataDir: /var/folders/2r/2bvglkkd41b...}, goog:chromeOptions: {debuggerAddress: localhost:51736}, javascriptEnabled: true, networkConnectionEnabled: false, pageLoadStrategy: normal, platform: MAC, platformName: MAC, proxy: Proxy(), setWindowRect: true, strictFileInteractability: false, timeouts: {implicit: 0, pageLoad: 300000, script: 30000}, unhandledPromptBehavior: dismiss and notify, webauthn:virtualAuthenticators: true}
Session ID: 9991e72fd3dcafa45fd60819409700c3
*** Element info: {Using=css selector, value=div.slider-app-wrapper}
	at org.openqa.selenium.remote.http.W3CHttpResponseCodec.createException(W3CHttpResponseCodec.java:187)
	at org.openqa.selenium.remote.http.W3CHttpResponseCodec.decode(W3CHttpResponseCodec.java:122)
	at org.openqa.selenium.remote.http.W3CHttpResponseCodec.decode(W3CHttpResponseCodec.java:49)
	at org.openqa.selenium.remote.HttpCommandExecutor.execute(HttpCommandExecutor.java:158)
	at org.openqa.selenium.remote.service.DriverCommandExecutor.execute(DriverCommandExecutor.java:83)
	at org.openqa.selenium.remote.RemoteWebDriver.execute(RemoteWebDriver.java:548)
	at org.openqa.selenium.remote.RemoteWebDriver.findElement(RemoteWebDriver.java:322)
	at org.openqa.selenium.remote.RemoteWebDriver.findElementByCssSelector(RemoteWebDriver.java:416)
	at org.openqa.selenium.By$ByCssSelector.findElement(By.java:431)
	at org.openqa.selenium.remote.RemoteWebDriver.findElement(RemoteWebDriver.java:314)
	at org.openqa.selenium.support.pagefactory.DefaultElementLocator.findElement(DefaultElementLocator.java:69)
	at org.openqa.selenium.support.pagefactory.AjaxElementLocator.access$001(AjaxElementLocator.java:39)
	at org.openqa.selenium.support.pagefactory.AjaxElementLocator$SlowLoadingElement.isLoaded(AjaxElementLocator.java:194)
	at org.openqa.selenium.support.ui.SlowLoadableComponent.get(SlowLoadableComponent.java:78)
	at org.openqa.selenium.support.pagefactory.AjaxElementLocator.findElement(AjaxElementLocator.java:119)
	... 33 more
... Removed 32 stack frames</div></td></tr></table><p class="totop"><a href="#summary">back to summary</a></p>
<h3 id="m13">lex.tests.homepage.LexHomepageTests#canClickSignupLinkInImageRevealSection</h3><table class="result"><tr><th>Exception</th></tr><tr><td><div class="stacktrace">java.lang.AssertionError: expected [true] but found [false]
	at lex.tests.homepage.LexHomepageTests.canClickSignupLinkInImageRevealSection(LexHomepageTests.java:188)
... Removed 33 stack frames</div></td></tr></table><p class="totop"><a href="#summary">back to summary</a></p>
<h3 id="m14">lex.tests.snapshot.CRSnapshotTests#canClickCheckYourCreditNowInHeroImage</h3><table class="result"><tr><th>Exception</th></tr><tr><td><div class="stacktrace">java.lang.AssertionError: expected [true] but found [false]
	at lex.tests.snapshot.CRSnapshotTests.canClickCheckYourCreditNowInHeroImage(CRSnapshotTests.java:81)
... Removed 33 stack frames</div></td></tr></table><p class="totop"><a href="#summary">back to summary</a></p>
<h3 id="m15">lex.tests.snapshot.CRSnapshotTests#canClickCheckYourCreditNowInHeroImage</h3><table class="result"><tr><th>Exception</th></tr><tr><td><div class="stacktrace">java.lang.AssertionError: expected [true] but found [false]
	at lex.tests.snapshot.CRSnapshotTests.canClickCheckYourCreditNowInHeroImage(CRSnapshotTests.java:81)
... Removed 33 stack frames</div></td></tr></table><p class="totop"><a href="#summary">back to summary</a></p>
<h3 id="m16">lex.tests.snapshot.CRSnapshotTests#canClickCheckYourCreditNowInHeroImage</h3><table class="result"><tr><th>Exception</th></tr><tr><td><div class="stacktrace">java.lang.AssertionError: expected [true] but found [false]
	at lex.tests.snapshot.CRSnapshotTests.canClickCheckYourCreditNowInHeroImage(CRSnapshotTests.java:81)
... Removed 33 stack frames</div></td></tr></table><p class="totop"><a href="#summary">back to summary</a></p>
<h3 id="m17">lex.tests.snapshot.CRSnapshotTests#canClickCheckYourCreditNowInHeroImage</h3><table class="result"><tr><th>Exception</th></tr><tr><td><div class="stacktrace">java.lang.AssertionError: expected [true] but found [false]
	at lex.tests.snapshot.CRSnapshotTests.canClickCheckYourCreditNowInHeroImage(CRSnapshotTests.java:81)
... Removed 33 stack frames</div></td></tr></table><p class="totop"><a href="#summary">back to summary</a></p>
<h3 id="m18">lex.tests.snapshot.CRSnapshotTests#canClickGetStartedCTA</h3><table class="result"><tr><th>Exception</th></tr><tr><td><div class="stacktrace">java.lang.AssertionError: expected [true] but found [false]
	at lex.tests.snapshot.CRSnapshotTests.canClickGetStartedCTA(CRSnapshotTests.java:177)
... Removed 33 stack frames</div></td></tr></table><p class="totop"><a href="#summary">back to summary</a></p>
<h3 id="m19">lex.tests.snapshot.CRSnapshotTests#canClickGetStartedCTA</h3><table class="result"><tr><th>Exception</th></tr><tr><td><div class="stacktrace">java.lang.AssertionError: expected [true] but found [false]
	at lex.tests.snapshot.CRSnapshotTests.canClickGetStartedCTA(CRSnapshotTests.java:177)
... Removed 33 stack frames</div></td></tr></table><p class="totop"><a href="#summary">back to summary</a></p>
<h3 id="m20">lex.tests.snapshot.CRSnapshotTests#canClickGetStartedCTA</h3><table class="result"><tr><th>Exception</th></tr><tr><td><div class="stacktrace">java.lang.AssertionError: expected [true] but found [false]
	at lex.tests.snapshot.CRSnapshotTests.canClickGetStartedCTA(CRSnapshotTests.java:177)
... Removed 33 stack frames</div></td></tr></table><p class="totop"><a href="#summary">back to summary</a></p>
<h3 id="m21">lex.tests.snapshot.CRSnapshotTests#canClickGetStartedCTA</h3><table class="result"><tr><th>Exception</th></tr><tr><td><div class="stacktrace">java.lang.AssertionError: expected [true] but found [false]
	at lex.tests.snapshot.CRSnapshotTests.canClickGetStartedCTA(CRSnapshotTests.java:177)
... Removed 33 stack frames</div></td></tr></table><p class="totop"><a href="#summary">back to summary</a></p>
<h3 id="m22">lex.tests.snapshot.CRSnapshotTests#canClickGetStartedInKnowYourCreditScore</h3><table class="result"><tr><th>Exception</th></tr><tr><td><div class="stacktrace">java.lang.AssertionError: expected [true] but found [false]
	at lex.tests.snapshot.CRSnapshotTests.canClickGetStartedInKnowYourCreditScore(CRSnapshotTests.java:145)
... Removed 33 stack frames</div></td></tr></table><p class="totop"><a href="#summary">back to summary</a></p>
<h3 id="m23">lex.tests.snapshot.CRSnapshotTests#canClickGetStartedInKnowYourCreditScore</h3><table class="result"><tr><th>Exception</th></tr><tr><td><div class="stacktrace">java.lang.AssertionError: expected [true] but found [false]
	at lex.tests.snapshot.CRSnapshotTests.canClickGetStartedInKnowYourCreditScore(CRSnapshotTests.java:145)
... Removed 33 stack frames</div></td></tr></table><p class="totop"><a href="#summary">back to summary</a></p>
<h3 id="m24">lex.tests.snapshot.CRSnapshotTests#canClickGetStartedInKnowYourCreditScore</h3><table class="result"><tr><th>Exception</th></tr><tr><td><div class="stacktrace">java.lang.AssertionError: expected [true] but found [false]
	at lex.tests.snapshot.CRSnapshotTests.canClickGetStartedInKnowYourCreditScore(CRSnapshotTests.java:145)
... Removed 33 stack frames</div></td></tr></table><p class="totop"><a href="#summary">back to summary</a></p>
<h3 id="m25">lex.tests.snapshot.CRSnapshotTests#canClickGetStartedInKnowYourCreditScore</h3><table class="result"><tr><th>Exception</th></tr><tr><td><div class="stacktrace">java.lang.AssertionError: expected [true] but found [false]
	at lex.tests.snapshot.CRSnapshotTests.canClickGetStartedInKnowYourCreditScore(CRSnapshotTests.java:145)
... Removed 33 stack frames</div></td></tr></table><p class="totop"><a href="#summary">back to summary</a></p>
<h3 id="m26">lex.tests.snapshot.CRSnapshotTests#canClickGetStartedInModal</h3><table class="result"><tr><th>Exception</th></tr><tr><td><div class="stacktrace">java.lang.AssertionError: expected [true] but found [false]
	at lex.tests.snapshot.CRSnapshotTests.canClickGetStartedInModal(CRSnapshotTests.java:18)
... Removed 33 stack frames</div></td></tr></table><p class="totop"><a href="#summary">back to summary</a></p>
<h3 id="m27">lex.tests.snapshot.CRSnapshotTests#canClickGetStartedInModal</h3><table class="result"><tr><th>Exception</th></tr><tr><td><div class="stacktrace">java.lang.AssertionError: expected [true] but found [false]
	at lex.tests.snapshot.CRSnapshotTests.canClickGetStartedInModal(CRSnapshotTests.java:18)
... Removed 33 stack frames</div></td></tr></table><p class="totop"><a href="#summary">back to summary</a></p>
<h3 id="m28">lex.tests.snapshot.CRSnapshotTests#canClickGetStartedInModal</h3><table class="result"><tr><th>Exception</th></tr><tr><td><div class="stacktrace">java.lang.AssertionError: expected [true] but found [false]
	at lex.tests.snapshot.CRSnapshotTests.canClickGetStartedInModal(CRSnapshotTests.java:18)
... Removed 33 stack frames</div></td></tr></table><p class="totop"><a href="#summary">back to summary</a></p>
<h3 id="m29">lex.tests.snapshot.CRSnapshotTests#canClickGetStartedInModal</h3><table class="result"><tr><th>Exception</th></tr><tr><td><div class="stacktrace">java.lang.AssertionError: expected [true] but found [false]
	at lex.tests.snapshot.CRSnapshotTests.canClickGetStartedInModal(CRSnapshotTests.java:18)
... Removed 33 stack frames</div></td></tr></table><p class="totop"><a href="#summary">back to summary</a></p>
<h3 id="m30">lex.tests.snapshot.CRSnapshotTests#canClickGetStartedNowInClientReviews</h3><table class="result"><tr><th>Exception</th></tr><tr><td><div class="stacktrace">java.lang.AssertionError: expected [true] but found [false]
	at lex.tests.snapshot.CRSnapshotTests.canClickGetStartedNowInClientReviews(CRSnapshotTests.java:113)
... Removed 33 stack frames</div></td></tr></table><p class="totop"><a href="#summary">back to summary</a></p>
<h3 id="m31">lex.tests.snapshot.CRSnapshotTests#canClickGetStartedNowInClientReviews</h3><table class="result"><tr><th>Exception</th></tr><tr><td><div class="stacktrace">java.lang.AssertionError: expected [true] but found [false]
	at lex.tests.snapshot.CRSnapshotTests.canClickGetStartedNowInClientReviews(CRSnapshotTests.java:113)
... Removed 33 stack frames</div></td></tr></table><p class="totop"><a href="#summary">back to summary</a></p>
<h3 id="m32">lex.tests.snapshot.CRSnapshotTests#canClickGetStartedNowInClientReviews</h3><table class="result"><tr><th>Exception</th></tr><tr><td><div class="stacktrace">java.lang.AssertionError: expected [true] but found [false]
	at lex.tests.snapshot.CRSnapshotTests.canClickGetStartedNowInClientReviews(CRSnapshotTests.java:113)
... Removed 33 stack frames</div></td></tr></table><p class="totop"><a href="#summary">back to summary</a></p>
<h3 id="m33">lex.tests.snapshot.CRSnapshotTests#canClickGetStartedNowInClientReviews</h3><table class="result"><tr><th>Exception</th></tr><tr><td><div class="stacktrace">java.lang.AssertionError: expected [true] but found [false]
	at lex.tests.snapshot.CRSnapshotTests.canClickGetStartedNowInClientReviews(CRSnapshotTests.java:113)
... Removed 33 stack frames</div></td></tr></table><p class="totop"><a href="#summary">back to summary</a></p>
<h3 id="m34">lex.tests.snapshot.CRSnapshotTests#canClickStartNowInHeader</h3><table class="result"><tr><th>Exception</th></tr><tr><td><div class="stacktrace">java.lang.AssertionError: expected [true] but found [false]
	at lex.tests.snapshot.CRSnapshotTests.canClickStartNowInHeader(CRSnapshotTests.java:65)
... Removed 33 stack frames</div></td></tr></table><p class="totop"><a href="#summary">back to summary</a></p>
<h3 id="m35">lex.tests.snapshot.CRSnapshotTests#canClickStartNowInHeader</h3><table class="result"><tr><th>Exception</th></tr><tr><td><div class="stacktrace">java.lang.AssertionError: expected [true] but found [false]
	at lex.tests.snapshot.CRSnapshotTests.canClickStartNowInHeader(CRSnapshotTests.java:65)
... Removed 33 stack frames</div></td></tr></table><p class="totop"><a href="#summary">back to summary</a></p>
<h3 id="m36">lex.tests.snapshot.CRSnapshotTests#canClickStartNowInHeader</h3><table class="result"><tr><th>Exception</th></tr><tr><td><div class="stacktrace">java.lang.AssertionError: expected [true] but found [false]
	at lex.tests.snapshot.CRSnapshotTests.canClickStartNowInHeader(CRSnapshotTests.java:65)
... Removed 33 stack frames</div></td></tr></table><p class="totop"><a href="#summary">back to summary</a></p>
<h3 id="m37">lex.tests.snapshot.CRSnapshotTests#canClickStartNowInHeader</h3><table class="result"><tr><th>Exception</th></tr><tr><td><div class="stacktrace">java.lang.AssertionError: expected [true] but found [false]
	at lex.tests.snapshot.CRSnapshotTests.canClickStartNowInHeader(CRSnapshotTests.java:65)
... Removed 33 stack frames</div></td></tr></table><p class="totop"><a href="#summary">back to summary</a></p>
<h3 id="m38">lex.tests.snapshot.CRSnapshotTests#canSubmitForm</h3><table class="result"><tr><th>Exception</th></tr><tr><td><div class="stacktrace">java.lang.AssertionError: expected [true] but found [false]
	at lex.tests.snapshot.CRSnapshotTests.canSubmitForm(CRSnapshotTests.java:216)
... Removed 33 stack frames</div></td></tr></table><p class="totop"><a href="#summary">back to summary</a></p>
<h3 id="m39">lex.tests.snapshot.CRSnapshotTests#canSubmitForm</h3><table class="result"><tr><th>Exception</th></tr><tr><td><div class="stacktrace">java.lang.AssertionError: expected [true] but found [false]
	at lex.tests.snapshot.CRSnapshotTests.canSubmitForm(CRSnapshotTests.java:216)
... Removed 33 stack frames</div></td></tr></table><p class="totop"><a href="#summary">back to summary</a></p>
<h3 id="m40">lex.tests.snapshot.CRSnapshotTests#canSubmitForm</h3><table class="result"><tr><th>Exception</th></tr><tr><td><div class="stacktrace">java.lang.AssertionError: expected [true] but found [false]
	at lex.tests.snapshot.CRSnapshotTests.canSubmitForm(CRSnapshotTests.java:216)
... Removed 33 stack frames</div></td></tr></table><p class="totop"><a href="#summary">back to summary</a></p>
<h3 id="m41">lex.tests.snapshot.CRSnapshotTests#canSubmitForm</h3><table class="result"><tr><th>Exception</th></tr><tr><td><div class="stacktrace">java.lang.AssertionError: expected [true] but found [false]
	at lex.tests.snapshot.CRSnapshotTests.canSubmitForm(CRSnapshotTests.java:216)
... Removed 33 stack frames</div></td></tr></table><p class="totop"><a href="#summary">back to summary</a></p>
<h3 id="m42">lex.tests.snapshot.LexSnapshotTests#canSubmitForm</h3><table class="result"><tr><th>Exception</th></tr><tr><td><div class="stacktrace">java.lang.AssertionError: expected [true] but found [false]
	at lex.tests.snapshot.LexSnapshotTests.canSubmitForm(LexSnapshotTests.java:248)
... Removed 33 stack frames</div></td></tr></table><p class="totop"><a href="#summary">back to summary</a></p>
<h3 id="m43">lex.tests.snapshot.LexSnapshotTests#canSubmitForm</h3><table class="result"><tr><th>Exception</th></tr><tr><td><div class="stacktrace">java.lang.AssertionError: expected [true] but found [false]
	at lex.tests.snapshot.LexSnapshotTests.canSubmitForm(LexSnapshotTests.java:248)
... Removed 33 stack frames</div></td></tr></table><p class="totop"><a href="#summary">back to summary</a></p>
<h3 id="m44">lex.tests.snapshot.LexSnapshotTests#canSubmitForm</h3><table class="result"><tr><th>Exception</th></tr><tr><td><div class="stacktrace">java.lang.AssertionError: expected [true] but found [false]
	at lex.tests.snapshot.LexSnapshotTests.canSubmitForm(LexSnapshotTests.java:248)
... Removed 33 stack frames</div></td></tr></table><p class="totop"><a href="#summary">back to summary</a></p>
<h3 id="m45">lex.tests.snapshot.LexSnapshotTests#canSubmitForm</h3><table class="result"><tr><th>Exception</th></tr><tr><td><div class="stacktrace">java.lang.AssertionError: expected [true] but found [false]
	at lex.tests.snapshot.LexSnapshotTests.canSubmitForm(LexSnapshotTests.java:248)
... Removed 33 stack frames</div></td></tr></table><p class="totop"><a href="#summary">back to summary</a></p>
<h3 id="m46">lex.tests.homepage.CRHomepageTests#canClickGetStartedHero</h3><table class="result"><tr><th class="invisible"/></tr></table><p class="totop"><a href="#summary">back to summary</a></p>
<h3 id="m47">lex.tests.homepage.CRHomepageTests#canClickGetStartedInCostSection</h3><table class="result"><tr><th class="invisible"/></tr></table><p class="totop"><a href="#summary">back to summary</a></p>
<h3 id="m48">lex.tests.homepage.CRHomepageTests#canClickGetStartedInHardWorkSection</h3><table class="result"><tr><th class="invisible"/></tr></table><p class="totop"><a href="#summary">back to summary</a></p>
<h3 id="m49">lex.tests.homepage.CRHomepageTests#canClickGetStartedInHowCreditRepairWorksSection</h3><table class="result"><tr><th class="invisible"/></tr></table><p class="totop"><a href="#summary">back to summary</a></p>
<h3 id="m50">lex.tests.homepage.CRHomepageTests#canClickGetStartedInModal</h3><table class="result"><tr><th class="invisible"/></tr></table><p class="totop"><a href="#summary">back to summary</a></p>
<h3 id="m51">lex.tests.homepage.CRHomepageTests#canClickLoginButton</h3><table class="result"><tr><th class="invisible"/></tr></table><p class="totop"><a href="#summary">back to summary</a></p>
<h3 id="m52">lex.tests.homepage.CRHomepageTests#canClickSignupHero</h3><table class="result"><tr><th class="invisible"/></tr></table><p class="totop"><a href="#summary">back to summary</a></p>
<h3 id="m53">lex.tests.homepage.CRHomepageTests#canClickSignupInCostSection</h3><table class="result"><tr><th class="invisible"/></tr></table><p class="totop"><a href="#summary">back to summary</a></p>
<h3 id="m54">lex.tests.homepage.CRHomepageTests#canClickSignupInHardWorkSection</h3><table class="result"><tr><th class="invisible"/></tr></table><p class="totop"><a href="#summary">back to summary</a></p>
<h3 id="m55">lex.tests.homepage.CRHomepageTests#canClickSignupInHowCreditRepairWorksSection</h3><table class="result"><tr><th class="invisible"/></tr></table><p class="totop"><a href="#summary">back to summary</a></p>
<h3 id="m56">lex.tests.homepage.CRHomepageTests#canClickSignupInModal</h3><table class="result"><tr><th class="invisible"/></tr></table><p class="totop"><a href="#summary">back to summary</a></p>
<h3 id="m57">lex.tests.homepage.CRHomepageTests#canClickSignupInTopNav</h3><table class="result"><tr><th class="invisible"/></tr></table><p class="totop"><a href="#summary">back to summary</a></p>
<h3 id="m58">lex.tests.homepage.LexHomepageTests#canClickGetStartedButtonInClientReviewsSection</h3><table class="result"><tr><th class="invisible"/></tr></table><p class="totop"><a href="#summary">back to summary</a></p>
<h3 id="m59">lex.tests.homepage.LexHomepageTests#canClickGetStartedButtonInHeroSection</h3><table class="result"><tr><th class="invisible"/></tr></table><p class="totop"><a href="#summary">back to summary</a></p>
<h3 id="m60">lex.tests.homepage.LexHomepageTests#canClickGetStartedButtonInImageRevealSection</h3><table class="result"><tr><th class="invisible"/></tr></table><p class="totop"><a href="#summary">back to summary</a></p>
<h3 id="m61">lex.tests.homepage.LexHomepageTests#canClickGetStartedLinkInHeroSection</h3><table class="result"><tr><th class="invisible"/></tr></table><p class="totop"><a href="#summary">back to summary</a></p>
<h3 id="m62">lex.tests.homepage.LexHomepageTests#canClickSeeMyCreditButton</h3><table class="result"><tr><th class="invisible"/></tr></table><p class="totop"><a href="#summary">back to summary</a></p>
<h3 id="m63">lex.tests.homepage.LexHomepageTests#canClickSignupCreditCostLink</h3><table class="result"><tr><th class="invisible"/></tr></table><p class="totop"><a href="#summary">back to summary</a></p>
<h3 id="m64">lex.tests.homepage.LexHomepageTests#canClickSignupLinkInClientReviewsSection</h3><table class="result"><tr><th class="invisible"/></tr></table><p class="totop"><a href="#summary">back to summary</a></p>
<h3 id="m65">lex.tests.homepage.LexHomepageTests#canClickSignupLinkInHeroSection</h3><table class="result"><tr><th class="invisible"/></tr></table><p class="totop"><a href="#summary">back to summary</a></p>
<h3 id="m66">lex.tests.homepage.LexHomepageTests#canClickSignupLinkInImageRevealSection</h3><table class="result"><tr><th class="invisible"/></tr></table><p class="totop"><a href="#summary">back to summary</a></p>
<h3 id="m67">lex.tests.homepage.LexHomepageTests#canNavigateToCreditHelp</h3><table class="result"><tr><th class="invisible"/></tr></table><p class="totop"><a href="#summary">back to summary</a></p>
<h3 id="m68">lex.tests.homepage.LexHomepageTests#canNavigateToCreditRepair</h3><table class="result"><tr><th class="invisible"/></tr></table><p class="totop"><a href="#summary">back to summary</a></p>
<h3 id="m69">lex.tests.homepage.LexHomepageTests#canNavigateToOurFirm</h3><table class="result"><tr><th class="invisible"/></tr></table><p class="totop"><a href="#summary">back to summary</a></p>
<h3 id="m70">lex.tests.homepage.LexHomepageTests#canNavigateToSignUp</h3><table class="result"><tr><th class="invisible"/></tr></table><p class="totop"><a href="#summary">back to summary</a></p>
<h3 id="m71">lex.tests.homepage.LexHomepageTests#isAtHomepage</h3><table class="result"><tr><th class="invisible"/></tr></table><p class="totop"><a href="#summary">back to summary</a></p>
<h3 id="m72">lex.tests.snapshot.CRSnapshotTests#canClickLoginButton</h3><table class="result"><tr><th class="invisible"/></tr></table><p class="totop"><a href="#summary">back to summary</a></p>
<h3 id="m73">lex.tests.snapshot.CRSnapshotTests#canClickSignupCTA</h3><table class="result"><tr><th class="invisible"/></tr></table><p class="totop"><a href="#summary">back to summary</a></p>
<h3 id="m74">lex.tests.snapshot.CRSnapshotTests#canClickSignupInClientReviews</h3><table class="result"><tr><th class="invisible"/></tr></table><p class="totop"><a href="#summary">back to summary</a></p>
<h3 id="m75">lex.tests.snapshot.CRSnapshotTests#canClickSignupInHeroImage</h3><table class="result"><tr><th class="invisible"/></tr></table><p class="totop"><a href="#summary">back to summary</a></p>
<h3 id="m76">lex.tests.snapshot.CRSnapshotTests#canClickSignupInKnowYourCreditScore</h3><table class="result"><tr><th class="invisible"/></tr></table><p class="totop"><a href="#summary">back to summary</a></p>
<h3 id="m77">lex.tests.snapshot.CRSnapshotTests#canClickSignupInModal</h3><table class="result"><tr><th class="invisible"/></tr></table><p class="totop"><a href="#summary">back to summary</a></p>
<h3 id="m78">lex.tests.snapshot.LexSnapshotTests#canClickCheckYourCreditNowCTA</h3><table class="result"><tr><th class="invisible"/></tr></table><p class="totop"><a href="#summary">back to summary</a></p>
<h3 id="m79">lex.tests.snapshot.LexSnapshotTests#canClickCheckYourCreditNowInModal</h3><table class="result"><tr><th class="invisible"/></tr></table><p class="totop"><a href="#summary">back to summary</a></p>
<h3 id="m80">lex.tests.snapshot.LexSnapshotTests#canClickGetStartedInKnowYourCreditScore</h3><table class="result"><tr><th class="invisible"/></tr></table><p class="totop"><a href="#summary">back to summary</a></p>
<h3 id="m81">lex.tests.snapshot.LexSnapshotTests#canClickGetStartedNowInHowItWorks</h3><table class="result"><tr><th class="invisible"/></tr></table><p class="totop"><a href="#summary">back to summary</a></p>
<h3 id="m82">lex.tests.snapshot.LexSnapshotTests#canClickLoginButton</h3><table class="result"><tr><th class="invisible"/></tr></table><p class="totop"><a href="#summary">back to summary</a></p>
<h3 id="m83">lex.tests.snapshot.LexSnapshotTests#canClickSeeYourCreditNowInFAQ</h3><table class="result"><tr><th class="invisible"/></tr></table><p class="totop"><a href="#summary">back to summary</a></p>
<h3 id="m84">lex.tests.snapshot.LexSnapshotTests#canClickSignupCTA</h3><table class="result"><tr><th class="invisible"/></tr></table><p class="totop"><a href="#summary">back to summary</a></p>
<h3 id="m85">lex.tests.snapshot.LexSnapshotTests#canClickSignupInFAQ</h3><table class="result"><tr><th class="invisible"/></tr></table><p class="totop"><a href="#summary">back to summary</a></p>
<h3 id="m86">lex.tests.snapshot.LexSnapshotTests#canClickSignupInHeroImage</h3><table class="result"><tr><th class="invisible"/></tr></table><p class="totop"><a href="#summary">back to summary</a></p>
<h3 id="m87">lex.tests.snapshot.LexSnapshotTests#canClickSignupInHowItWorks</h3><table class="result"><tr><th class="invisible"/></tr></table><p class="totop"><a href="#summary">back to summary</a></p>
<h3 id="m88">lex.tests.snapshot.LexSnapshotTests#canClickSignupInKnowYourCreditScore</h3><table class="result"><tr><th class="invisible"/></tr></table><p class="totop"><a href="#summary">back to summary</a></p>
<h3 id="m89">lex.tests.snapshot.LexSnapshotTests#canClickSignupInModal</h3><table class="result"><tr><th class="invisible"/></tr></table><p class="totop"><a href="#summary">back to summary</a></p>
<h3 id="m90">lex.tests.snapshot.LexSnapshotTests#canClickStartNowInHeader</h3><table class="result"><tr><th class="invisible"/></tr></table><p class="totop"><a href="#summary">back to summary</a></p>
<h3 id="m91">lex.tests.snapshot.LexSnapshotTests#canClickStartNowInHeroImage</h3><table class="result"><tr><th class="invisible"/></tr></table><p class="totop"><a href="#summary">back to summary</a></p>
</body>
</html>
