<?xml version="1.0" encoding="UTF-8"?>
<testng-results skipped="9" failed="2" ignored="0" total="64" passed="53">
  <reporter-output>
  </reporter-output>
  <suite name="Example test run" duration-ms="472050" started-at="2020-09-02T22:18:08Z" finished-at="2020-09-02T22:26:01Z">
    <groups>
    </groups>
    <test name="Simple Test" duration-ms="472050" started-at="2020-09-02T22:18:08Z" finished-at="2020-09-02T22:26:01Z">
      <class name="lex.tests.homepage.LexHomepageTests">
        <test-method status="PASS" signature="beforeSuite()[pri:0, instance:lex.tests.homepage.LexHomepageTests@1b68ddbd]" name="beforeSuite" is-config="true" duration-ms="844" started-at="2020-09-02T22:18:08Z" finished-at="2020-09-02T22:18:09Z">
          <reporter-output>
          </reporter-output>
        </test-method> <!-- beforeSuite -->
        <test-method status="PASS" signature="canClickGetStartedButtonInClientReviewsSection()[pri:0, instance:lex.tests.homepage.LexHomepageTests@1b68ddbd]" name="canClickGetStartedButtonInClientReviewsSection" duration-ms="8860" started-at="2020-09-02T22:18:09Z" finished-at="2020-09-02T22:18:18Z">
          <reporter-output>
          </reporter-output>
        </test-method> <!-- canClickGetStartedButtonInClientReviewsSection -->
        <test-method status="PASS" signature="canClickGetStartedButtonInHeroSection()[pri:0, instance:lex.tests.homepage.LexHomepageTests@1b68ddbd]" name="canClickGetStartedButtonInHeroSection" duration-ms="3167" started-at="2020-09-02T22:18:18Z" finished-at="2020-09-02T22:18:21Z">
          <reporter-output>
          </reporter-output>
        </test-method> <!-- canClickGetStartedButtonInHeroSection -->
        <test-method status="PASS" signature="canClickGetStartedButtonInImageRevealSection()[pri:0, instance:lex.tests.homepage.LexHomepageTests@1b68ddbd]" name="canClickGetStartedButtonInImageRevealSection" duration-ms="2998" started-at="2020-09-02T22:18:21Z" finished-at="2020-09-02T22:18:24Z">
          <reporter-output>
          </reporter-output>
        </test-method> <!-- canClickGetStartedButtonInImageRevealSection -->
        <test-method status="PASS" signature="canClickGetStartedLinkInHeroSection()[pri:0, instance:lex.tests.homepage.LexHomepageTests@1b68ddbd]" name="canClickGetStartedLinkInHeroSection" duration-ms="3278" started-at="2020-09-02T22:18:24Z" finished-at="2020-09-02T22:18:28Z">
          <reporter-output>
          </reporter-output>
        </test-method> <!-- canClickGetStartedLinkInHeroSection -->
        <test-method status="PASS" signature="canClickSeeMyCreditButton()[pri:0, instance:lex.tests.homepage.LexHomepageTests@1b68ddbd]" name="canClickSeeMyCreditButton" duration-ms="3114" started-at="2020-09-02T22:18:28Z" finished-at="2020-09-02T22:18:31Z">
          <reporter-output>
          </reporter-output>
        </test-method> <!-- canClickSeeMyCreditButton -->
        <test-method status="PASS" signature="canClickSignupCreditCostLink()[pri:0, instance:lex.tests.homepage.LexHomepageTests@1b68ddbd]" name="canClickSignupCreditCostLink" duration-ms="4995" started-at="2020-09-02T22:18:31Z" finished-at="2020-09-02T22:18:36Z">
          <reporter-output>
          </reporter-output>
        </test-method> <!-- canClickSignupCreditCostLink -->
        <test-method status="PASS" signature="canClickSignupLinkInClientReviewsSection()[pri:0, instance:lex.tests.homepage.LexHomepageTests@1b68ddbd]" name="canClickSignupLinkInClientReviewsSection" duration-ms="3454" started-at="2020-09-02T22:18:36Z" finished-at="2020-09-02T22:18:39Z">
          <reporter-output>
          </reporter-output>
        </test-method> <!-- canClickSignupLinkInClientReviewsSection -->
        <test-method status="PASS" signature="canClickSignupLinkInHeroSection()[pri:0, instance:lex.tests.homepage.LexHomepageTests@1b68ddbd]" name="canClickSignupLinkInHeroSection" duration-ms="3420" started-at="2020-09-02T22:18:39Z" finished-at="2020-09-02T22:18:43Z">
          <reporter-output>
          </reporter-output>
        </test-method> <!-- canClickSignupLinkInHeroSection -->
        <test-method status="SKIP" signature="canClickSignupLinkInImageRevealSection()[pri:0, instance:lex.tests.homepage.LexHomepageTests@1b68ddbd]" name="canClickSignupLinkInImageRevealSection" duration-ms="1504" started-at="2020-09-02T22:18:43Z" finished-at="2020-09-02T22:18:44Z">
          <exception class="java.lang.AssertionError">
            <message>
              <![CDATA[expected [true] but found [false]]]>
            </message>
            <full-stacktrace>
              <![CDATA[java.lang.AssertionError: expected [true] but found [false]
at org.testng.Assert.fail(Assert.java:96)
at org.testng.Assert.failNotEquals(Assert.java:776)
at org.testng.Assert.assertTrue(Assert.java:44)
at org.testng.Assert.assertTrue(Assert.java:54)
at lex.tests.homepage.LexHomepageTests.canClickSignupLinkInImageRevealSection(LexHomepageTests.java:188)
at sun.reflect.NativeMethodAccessorImpl.invoke0(Native Method)
at sun.reflect.NativeMethodAccessorImpl.invoke(NativeMethodAccessorImpl.java:62)
at sun.reflect.DelegatingMethodAccessorImpl.invoke(DelegatingMethodAccessorImpl.java:43)
at java.lang.reflect.Method.invoke(Method.java:498)
at org.testng.internal.MethodInvocationHelper.invokeMethod(MethodInvocationHelper.java:124)
at org.testng.internal.Invoker.invokeMethod(Invoker.java:583)
at org.testng.internal.Invoker.invokeTestMethod(Invoker.java:719)
at org.testng.internal.Invoker.invokeTestMethods(Invoker.java:989)
at org.testng.internal.TestMethodWorker.invokeTestMethods(TestMethodWorker.java:125)
at org.testng.internal.TestMethodWorker.run(TestMethodWorker.java:109)
at org.testng.TestRunner.privateRun(TestRunner.java:648)
at org.testng.TestRunner.run(TestRunner.java:505)
at org.testng.SuiteRunner.runTest(SuiteRunner.java:455)
at org.testng.SuiteRunner.runSequentially(SuiteRunner.java:450)
at org.testng.SuiteRunner.privateRun(SuiteRunner.java:415)
at org.testng.SuiteRunner.run(SuiteRunner.java:364)
at org.testng.SuiteRunnerWorker.runSuite(SuiteRunnerWorker.java:52)
at org.testng.SuiteRunnerWorker.run(SuiteRunnerWorker.java:84)
at org.testng.TestNG.runSuitesSequentially(TestNG.java:1208)
at org.testng.TestNG.runSuitesLocally(TestNG.java:1137)
at org.testng.TestNG.runSuites(TestNG.java:1049)
at org.testng.TestNG.run(TestNG.java:1017)
at org.apache.maven.surefire.testng.TestNGExecutor.run(TestNGExecutor.java:284)
at org.apache.maven.surefire.testng.TestNGXmlTestSuite.execute(TestNGXmlTestSuite.java:75)
at org.apache.maven.surefire.testng.TestNGProvider.invoke(TestNGProvider.java:119)
at org.apache.maven.surefire.booter.ForkedBooter.runSuitesInProcess(ForkedBooter.java:428)
at org.apache.maven.surefire.booter.ForkedBooter.execute(ForkedBooter.java:162)
at org.apache.maven.surefire.booter.ForkedBooter.run(ForkedBooter.java:562)
at org.apache.maven.surefire.booter.ForkedBooter.main(ForkedBooter.java:548)
]]>
            </full-stacktrace>
          </exception> <!-- java.lang.AssertionError -->
          <reporter-output>
          </reporter-output>
        </test-method> <!-- canClickSignupLinkInImageRevealSection -->
        <test-method status="PASS" signature="canClickSignupLinkInImageRevealSection()[pri:0, instance:lex.tests.homepage.LexHomepageTests@1b68ddbd]" name="canClickSignupLinkInImageRevealSection" duration-ms="3900" started-at="2020-09-02T22:18:44Z" finished-at="2020-09-02T22:18:48Z">
          <reporter-output>
          </reporter-output>
        </test-method> <!-- canClickSignupLinkInImageRevealSection -->
        <test-method status="PASS" signature="canNavigateToCreditHelp()[pri:0, instance:lex.tests.homepage.LexHomepageTests@1b68ddbd]" name="canNavigateToCreditHelp" duration-ms="6108" started-at="2020-09-02T22:18:48Z" finished-at="2020-09-02T22:18:54Z">
          <reporter-output>
          </reporter-output>
        </test-method> <!-- canNavigateToCreditHelp -->
        <test-method status="PASS" signature="canNavigateToCreditRepair()[pri:0, instance:lex.tests.homepage.LexHomepageTests@1b68ddbd]" name="canNavigateToCreditRepair" duration-ms="4655" started-at="2020-09-02T22:18:54Z" finished-at="2020-09-02T22:18:59Z">
          <reporter-output>
          </reporter-output>
        </test-method> <!-- canNavigateToCreditRepair -->
        <test-method status="PASS" signature="canNavigateToOurFirm()[pri:0, instance:lex.tests.homepage.LexHomepageTests@1b68ddbd]" name="canNavigateToOurFirm" duration-ms="5801" started-at="2020-09-02T22:18:59Z" finished-at="2020-09-02T22:19:05Z">
          <reporter-output>
          </reporter-output>
        </test-method> <!-- canNavigateToOurFirm -->
        <test-method status="PASS" signature="canNavigateToSignUp()[pri:0, instance:lex.tests.homepage.LexHomepageTests@1b68ddbd]" name="canNavigateToSignUp" duration-ms="5218" started-at="2020-09-02T22:19:05Z" finished-at="2020-09-02T22:19:10Z">
          <reporter-output>
          </reporter-output>
        </test-method> <!-- canNavigateToSignUp -->
        <test-method status="PASS" signature="isAtHomepage()[pri:0, instance:lex.tests.homepage.LexHomepageTests@1b68ddbd]" name="isAtHomepage" duration-ms="1764" started-at="2020-09-02T22:19:10Z" finished-at="2020-09-02T22:19:12Z">
          <reporter-output>
          </reporter-output>
        </test-method> <!-- isAtHomepage -->
        <test-method status="PASS" signature="afterSuite()[pri:0, instance:lex.tests.homepage.LexHomepageTests@1b68ddbd]" name="afterSuite" is-config="true" duration-ms="218" started-at="2020-09-02T22:19:12Z" finished-at="2020-09-02T22:19:12Z">
          <reporter-output>
          </reporter-output>
        </test-method> <!-- afterSuite -->
      </class> <!-- lex.tests.homepage.LexHomepageTests -->
      <class name="lex.tests.snapshot.LexSnapshotTests">
        <test-method status="PASS" signature="beforeSuite()[pri:0, instance:lex.tests.snapshot.LexSnapshotTests@59e5ddf]" name="beforeSuite" is-config="true" duration-ms="906" started-at="2020-09-02T22:22:06Z" finished-at="2020-09-02T22:22:07Z">
          <reporter-output>
          </reporter-output>
        </test-method> <!-- beforeSuite -->
        <test-method status="PASS" signature="canClickCheckYourCreditNowCTA()[pri:0, instance:lex.tests.snapshot.LexSnapshotTests@59e5ddf]" name="canClickCheckYourCreditNowCTA" duration-ms="10371" started-at="2020-09-02T22:22:07Z" finished-at="2020-09-02T22:22:17Z">
          <reporter-output>
          </reporter-output>
        </test-method> <!-- canClickCheckYourCreditNowCTA -->
        <test-method status="PASS" signature="canClickCheckYourCreditNowInModal()[pri:0, instance:lex.tests.snapshot.LexSnapshotTests@59e5ddf]" name="canClickCheckYourCreditNowInModal" duration-ms="6440" started-at="2020-09-02T22:22:17Z" finished-at="2020-09-02T22:22:23Z">
          <reporter-output>
          </reporter-output>
        </test-method> <!-- canClickCheckYourCreditNowInModal -->
        <test-method status="PASS" signature="canClickGetStartedInKnowYourCreditScore()[pri:0, instance:lex.tests.snapshot.LexSnapshotTests@59e5ddf]" name="canClickGetStartedInKnowYourCreditScore" duration-ms="6547" started-at="2020-09-02T22:22:23Z" finished-at="2020-09-02T22:22:30Z">
          <reporter-output>
          </reporter-output>
        </test-method> <!-- canClickGetStartedInKnowYourCreditScore -->
        <test-method status="PASS" signature="canClickGetStartedNowInHowItWorks()[pri:0, instance:lex.tests.snapshot.LexSnapshotTests@59e5ddf]" name="canClickGetStartedNowInHowItWorks" duration-ms="8698" started-at="2020-09-02T22:22:30Z" finished-at="2020-09-02T22:22:39Z">
          <reporter-output>
          </reporter-output>
        </test-method> <!-- canClickGetStartedNowInHowItWorks -->
        <test-method status="PASS" signature="canClickLoginButton()[pri:0, instance:lex.tests.snapshot.LexSnapshotTests@59e5ddf]" name="canClickLoginButton" duration-ms="7612" started-at="2020-09-02T22:22:39Z" finished-at="2020-09-02T22:22:46Z">
          <reporter-output>
          </reporter-output>
        </test-method> <!-- canClickLoginButton -->
        <test-method status="PASS" signature="canClickSeeYourCreditNowInFAQ()[pri:0, instance:lex.tests.snapshot.LexSnapshotTests@59e5ddf]" name="canClickSeeYourCreditNowInFAQ" duration-ms="7241" started-at="2020-09-02T22:22:46Z" finished-at="2020-09-02T22:22:53Z">
          <reporter-output>
          </reporter-output>
        </test-method> <!-- canClickSeeYourCreditNowInFAQ -->
        <test-method status="PASS" signature="canClickSignupCTA()[pri:0, instance:lex.tests.snapshot.LexSnapshotTests@59e5ddf]" name="canClickSignupCTA" duration-ms="9114" started-at="2020-09-02T22:22:53Z" finished-at="2020-09-02T22:23:03Z">
          <reporter-output>
          </reporter-output>
        </test-method> <!-- canClickSignupCTA -->
        <test-method status="PASS" signature="canClickSignupInFAQ()[pri:0, instance:lex.tests.snapshot.LexSnapshotTests@59e5ddf]" name="canClickSignupInFAQ" duration-ms="5956" started-at="2020-09-02T22:23:03Z" finished-at="2020-09-02T22:23:09Z">
          <reporter-output>
          </reporter-output>
        </test-method> <!-- canClickSignupInFAQ -->
        <test-method status="PASS" signature="canClickSignupInHeroImage()[pri:0, instance:lex.tests.snapshot.LexSnapshotTests@59e5ddf]" name="canClickSignupInHeroImage" duration-ms="6975" started-at="2020-09-02T22:23:09Z" finished-at="2020-09-02T22:23:16Z">
          <reporter-output>
          </reporter-output>
        </test-method> <!-- canClickSignupInHeroImage -->
        <test-method status="PASS" signature="canClickSignupInHowItWorks()[pri:0, instance:lex.tests.snapshot.LexSnapshotTests@59e5ddf]" name="canClickSignupInHowItWorks" duration-ms="6763" started-at="2020-09-02T22:23:16Z" finished-at="2020-09-02T22:23:22Z">
          <reporter-output>
          </reporter-output>
        </test-method> <!-- canClickSignupInHowItWorks -->
        <test-method status="PASS" signature="canClickSignupInKnowYourCreditScore()[pri:0, instance:lex.tests.snapshot.LexSnapshotTests@59e5ddf]" name="canClickSignupInKnowYourCreditScore" duration-ms="6437" started-at="2020-09-02T22:23:22Z" finished-at="2020-09-02T22:23:29Z">
          <reporter-output>
          </reporter-output>
        </test-method> <!-- canClickSignupInKnowYourCreditScore -->
        <test-method status="PASS" signature="canClickSignupInModal()[pri:0, instance:lex.tests.snapshot.LexSnapshotTests@59e5ddf]" name="canClickSignupInModal" duration-ms="6822" started-at="2020-09-02T22:23:29Z" finished-at="2020-09-02T22:23:36Z">
          <reporter-output>
          </reporter-output>
        </test-method> <!-- canClickSignupInModal -->
        <test-method status="PASS" signature="canClickStartNowInHeader()[pri:0, instance:lex.tests.snapshot.LexSnapshotTests@59e5ddf]" name="canClickStartNowInHeader" duration-ms="8013" started-at="2020-09-02T22:23:36Z" finished-at="2020-09-02T22:23:44Z">
          <reporter-output>
          </reporter-output>
        </test-method> <!-- canClickStartNowInHeader -->
        <test-method status="PASS" signature="canClickStartNowInHeroImage()[pri:0, instance:lex.tests.snapshot.LexSnapshotTests@59e5ddf]" name="canClickStartNowInHeroImage" duration-ms="6645" started-at="2020-09-02T22:23:44Z" finished-at="2020-09-02T22:23:50Z">
          <reporter-output>
          </reporter-output>
        </test-method> <!-- canClickStartNowInHeroImage -->
        <test-method status="PASS" signature="canSubmitForm()[pri:0, instance:lex.tests.snapshot.LexSnapshotTests@59e5ddf]" name="canSubmitForm" duration-ms="9953" started-at="2020-09-02T22:23:50Z" finished-at="2020-09-02T22:24:00Z">
          <reporter-output>
          </reporter-output>
        </test-method> <!-- canSubmitForm -->
        <test-method status="PASS" signature="afterSuite()[pri:0, instance:lex.tests.snapshot.LexSnapshotTests@59e5ddf]" name="afterSuite" is-config="true" duration-ms="290" started-at="2020-09-02T22:24:00Z" finished-at="2020-09-02T22:24:00Z">
          <reporter-output>
          </reporter-output>
        </test-method> <!-- afterSuite -->
      </class> <!-- lex.tests.snapshot.LexSnapshotTests -->
      <class name="lex.tests.snapshot.CRSnapshotTests">
        <test-method status="PASS" signature="beforeSuite()[pri:0, instance:lex.tests.snapshot.CRSnapshotTests@536aaa8d]" name="beforeSuite" is-config="true" duration-ms="338" started-at="2020-09-02T22:24:00Z" finished-at="2020-09-02T22:24:01Z">
          <reporter-output>
          </reporter-output>
        </test-method> <!-- beforeSuite -->
        <test-method status="PASS" signature="canClickCheckYourCreditNowInHeroImage()[pri:0, instance:lex.tests.snapshot.CRSnapshotTests@536aaa8d]" name="canClickCheckYourCreditNowInHeroImage" duration-ms="10617" started-at="2020-09-02T22:24:01Z" finished-at="2020-09-02T22:24:11Z">
          <reporter-output>
          </reporter-output>
        </test-method> <!-- canClickCheckYourCreditNowInHeroImage -->
        <test-method status="PASS" signature="canClickGetStartedCTA()[pri:0, instance:lex.tests.snapshot.CRSnapshotTests@536aaa8d]" name="canClickGetStartedCTA" duration-ms="6622" started-at="2020-09-02T22:24:11Z" finished-at="2020-09-02T22:24:18Z">
          <reporter-output>
          </reporter-output>
        </test-method> <!-- canClickGetStartedCTA -->
        <test-method status="PASS" signature="canClickGetStartedInKnowYourCreditScore()[pri:0, instance:lex.tests.snapshot.CRSnapshotTests@536aaa8d]" name="canClickGetStartedInKnowYourCreditScore" duration-ms="7134" started-at="2020-09-02T22:24:18Z" finished-at="2020-09-02T22:24:25Z">
          <reporter-output>
          </reporter-output>
        </test-method> <!-- canClickGetStartedInKnowYourCreditScore -->
        <test-method status="PASS" signature="canClickGetStartedInModal()[pri:0, instance:lex.tests.snapshot.CRSnapshotTests@536aaa8d]" name="canClickGetStartedInModal" duration-ms="7407" started-at="2020-09-02T22:24:25Z" finished-at="2020-09-02T22:24:33Z">
          <reporter-output>
          </reporter-output>
        </test-method> <!-- canClickGetStartedInModal -->
        <test-method status="PASS" signature="canClickGetStartedNowInClientReviews()[pri:0, instance:lex.tests.snapshot.CRSnapshotTests@536aaa8d]" name="canClickGetStartedNowInClientReviews" duration-ms="6457" started-at="2020-09-02T22:24:33Z" finished-at="2020-09-02T22:24:39Z">
          <reporter-output>
          </reporter-output>
        </test-method> <!-- canClickGetStartedNowInClientReviews -->
        <test-method status="PASS" signature="canClickLoginButton()[pri:0, instance:lex.tests.snapshot.CRSnapshotTests@536aaa8d]" name="canClickLoginButton" duration-ms="6774" started-at="2020-09-02T22:24:39Z" finished-at="2020-09-02T22:24:46Z">
          <reporter-output>
          </reporter-output>
        </test-method> <!-- canClickLoginButton -->
        <test-method status="PASS" signature="canClickSignupCTA()[pri:0, instance:lex.tests.snapshot.CRSnapshotTests@536aaa8d]" name="canClickSignupCTA" duration-ms="5457" started-at="2020-09-02T22:24:46Z" finished-at="2020-09-02T22:24:51Z">
          <reporter-output>
          </reporter-output>
        </test-method> <!-- canClickSignupCTA -->
        <test-method status="PASS" signature="canClickSignupInClientReviews()[pri:0, instance:lex.tests.snapshot.CRSnapshotTests@536aaa8d]" name="canClickSignupInClientReviews" duration-ms="5371" started-at="2020-09-02T22:24:51Z" finished-at="2020-09-02T22:24:57Z">
          <reporter-output>
          </reporter-output>
        </test-method> <!-- canClickSignupInClientReviews -->
        <test-method status="PASS" signature="canClickSignupInHeroImage()[pri:0, instance:lex.tests.snapshot.CRSnapshotTests@536aaa8d]" name="canClickSignupInHeroImage" duration-ms="5835" started-at="2020-09-02T22:24:57Z" finished-at="2020-09-02T22:25:02Z">
          <reporter-output>
          </reporter-output>
        </test-method> <!-- canClickSignupInHeroImage -->
        <test-method status="PASS" signature="canClickSignupInKnowYourCreditScore()[pri:0, instance:lex.tests.snapshot.CRSnapshotTests@536aaa8d]" name="canClickSignupInKnowYourCreditScore" duration-ms="5301" started-at="2020-09-02T22:25:02Z" finished-at="2020-09-02T22:25:08Z">
          <reporter-output>
          </reporter-output>
        </test-method> <!-- canClickSignupInKnowYourCreditScore -->
        <test-method status="PASS" signature="canClickSignupInModal()[pri:0, instance:lex.tests.snapshot.CRSnapshotTests@536aaa8d]" name="canClickSignupInModal" duration-ms="5501" started-at="2020-09-02T22:25:08Z" finished-at="2020-09-02T22:25:13Z">
          <reporter-output>
          </reporter-output>
        </test-method> <!-- canClickSignupInModal -->
        <test-method status="PASS" signature="canClickStartNowInHeader()[pri:0, instance:lex.tests.snapshot.CRSnapshotTests@536aaa8d]" name="canClickStartNowInHeader" duration-ms="7914" started-at="2020-09-02T22:25:13Z" finished-at="2020-09-02T22:25:21Z">
          <reporter-output>
          </reporter-output>
        </test-method> <!-- canClickStartNowInHeader -->
        <test-method status="SKIP" signature="canSubmitForm()[pri:0, instance:lex.tests.snapshot.CRSnapshotTests@536aaa8d]" name="canSubmitForm" duration-ms="7781" started-at="2020-09-02T22:25:21Z" finished-at="2020-09-02T22:25:29Z">
          <exception class="java.lang.AssertionError">
            <message>
              <![CDATA[expected [true] but found [false]]]>
            </message>
            <full-stacktrace>
              <![CDATA[java.lang.AssertionError: expected [true] but found [false]
at org.testng.Assert.fail(Assert.java:96)
at org.testng.Assert.failNotEquals(Assert.java:776)
at org.testng.Assert.assertTrue(Assert.java:44)
at org.testng.Assert.assertTrue(Assert.java:54)
at lex.tests.snapshot.CRSnapshotTests.canSubmitForm(CRSnapshotTests.java:216)
at sun.reflect.NativeMethodAccessorImpl.invoke0(Native Method)
at sun.reflect.NativeMethodAccessorImpl.invoke(NativeMethodAccessorImpl.java:62)
at sun.reflect.DelegatingMethodAccessorImpl.invoke(DelegatingMethodAccessorImpl.java:43)
at java.lang.reflect.Method.invoke(Method.java:498)
at org.testng.internal.MethodInvocationHelper.invokeMethod(MethodInvocationHelper.java:124)
at org.testng.internal.Invoker.invokeMethod(Invoker.java:583)
at org.testng.internal.Invoker.invokeTestMethod(Invoker.java:719)
at org.testng.internal.Invoker.invokeTestMethods(Invoker.java:989)
at org.testng.internal.TestMethodWorker.invokeTestMethods(TestMethodWorker.java:125)
at org.testng.internal.TestMethodWorker.run(TestMethodWorker.java:109)
at org.testng.TestRunner.privateRun(TestRunner.java:648)
at org.testng.TestRunner.run(TestRunner.java:505)
at org.testng.SuiteRunner.runTest(SuiteRunner.java:455)
at org.testng.SuiteRunner.runSequentially(SuiteRunner.java:450)
at org.testng.SuiteRunner.privateRun(SuiteRunner.java:415)
at org.testng.SuiteRunner.run(SuiteRunner.java:364)
at org.testng.SuiteRunnerWorker.runSuite(SuiteRunnerWorker.java:52)
at org.testng.SuiteRunnerWorker.run(SuiteRunnerWorker.java:84)
at org.testng.TestNG.runSuitesSequentially(TestNG.java:1208)
at org.testng.TestNG.runSuitesLocally(TestNG.java:1137)
at org.testng.TestNG.runSuites(TestNG.java:1049)
at org.testng.TestNG.run(TestNG.java:1017)
at org.apache.maven.surefire.testng.TestNGExecutor.run(TestNGExecutor.java:284)
at org.apache.maven.surefire.testng.TestNGXmlTestSuite.execute(TestNGXmlTestSuite.java:75)
at org.apache.maven.surefire.testng.TestNGProvider.invoke(TestNGProvider.java:119)
at org.apache.maven.surefire.booter.ForkedBooter.runSuitesInProcess(ForkedBooter.java:428)
at org.apache.maven.surefire.booter.ForkedBooter.execute(ForkedBooter.java:162)
at org.apache.maven.surefire.booter.ForkedBooter.run(ForkedBooter.java:562)
at org.apache.maven.surefire.booter.ForkedBooter.main(ForkedBooter.java:548)
]]>
            </full-stacktrace>
          </exception> <!-- java.lang.AssertionError -->
          <reporter-output>
          </reporter-output>
        </test-method> <!-- canSubmitForm -->
        <test-method status="SKIP" signature="canSubmitForm()[pri:0, instance:lex.tests.snapshot.CRSnapshotTests@536aaa8d]" name="canSubmitForm" duration-ms="7622" started-at="2020-09-02T22:25:29Z" finished-at="2020-09-02T22:25:37Z">
          <exception class="java.lang.AssertionError">
            <message>
              <![CDATA[expected [true] but found [false]]]>
            </message>
            <full-stacktrace>
              <![CDATA[java.lang.AssertionError: expected [true] but found [false]
at org.testng.Assert.fail(Assert.java:96)
at org.testng.Assert.failNotEquals(Assert.java:776)
at org.testng.Assert.assertTrue(Assert.java:44)
at org.testng.Assert.assertTrue(Assert.java:54)
at lex.tests.snapshot.CRSnapshotTests.canSubmitForm(CRSnapshotTests.java:216)
at sun.reflect.NativeMethodAccessorImpl.invoke0(Native Method)
at sun.reflect.NativeMethodAccessorImpl.invoke(NativeMethodAccessorImpl.java:62)
at sun.reflect.DelegatingMethodAccessorImpl.invoke(DelegatingMethodAccessorImpl.java:43)
at java.lang.reflect.Method.invoke(Method.java:498)
at org.testng.internal.MethodInvocationHelper.invokeMethod(MethodInvocationHelper.java:124)
at org.testng.internal.Invoker.invokeMethod(Invoker.java:583)
at org.testng.internal.Invoker.retryFailed(Invoker.java:839)
at org.testng.internal.Invoker.invokeTestMethods(Invoker.java:1010)
at org.testng.internal.TestMethodWorker.invokeTestMethods(TestMethodWorker.java:125)
at org.testng.internal.TestMethodWorker.run(TestMethodWorker.java:109)
at org.testng.TestRunner.privateRun(TestRunner.java:648)
at org.testng.TestRunner.run(TestRunner.java:505)
at org.testng.SuiteRunner.runTest(SuiteRunner.java:455)
at org.testng.SuiteRunner.runSequentially(SuiteRunner.java:450)
at org.testng.SuiteRunner.privateRun(SuiteRunner.java:415)
at org.testng.SuiteRunner.run(SuiteRunner.java:364)
at org.testng.SuiteRunnerWorker.runSuite(SuiteRunnerWorker.java:52)
at org.testng.SuiteRunnerWorker.run(SuiteRunnerWorker.java:84)
at org.testng.TestNG.runSuitesSequentially(TestNG.java:1208)
at org.testng.TestNG.runSuitesLocally(TestNG.java:1137)
at org.testng.TestNG.runSuites(TestNG.java:1049)
at org.testng.TestNG.run(TestNG.java:1017)
at org.apache.maven.surefire.testng.TestNGExecutor.run(TestNGExecutor.java:284)
at org.apache.maven.surefire.testng.TestNGXmlTestSuite.execute(TestNGXmlTestSuite.java:75)
at org.apache.maven.surefire.testng.TestNGProvider.invoke(TestNGProvider.java:119)
at org.apache.maven.surefire.booter.ForkedBooter.runSuitesInProcess(ForkedBooter.java:428)
at org.apache.maven.surefire.booter.ForkedBooter.execute(ForkedBooter.java:162)
at org.apache.maven.surefire.booter.ForkedBooter.run(ForkedBooter.java:562)
at org.apache.maven.surefire.booter.ForkedBooter.main(ForkedBooter.java:548)
]]>
            </full-stacktrace>
          </exception> <!-- java.lang.AssertionError -->
          <reporter-output>
          </reporter-output>
        </test-method> <!-- canSubmitForm -->
        <test-method status="SKIP" signature="canSubmitForm()[pri:0, instance:lex.tests.snapshot.CRSnapshotTests@536aaa8d]" name="canSubmitForm" duration-ms="8220" started-at="2020-09-02T22:25:37Z" finished-at="2020-09-02T22:25:45Z">
          <exception class="java.lang.AssertionError">
            <message>
              <![CDATA[expected [true] but found [false]]]>
            </message>
            <full-stacktrace>
              <![CDATA[java.lang.AssertionError: expected [true] but found [false]
at org.testng.Assert.fail(Assert.java:96)
at org.testng.Assert.failNotEquals(Assert.java:776)
at org.testng.Assert.assertTrue(Assert.java:44)
at org.testng.Assert.assertTrue(Assert.java:54)
at lex.tests.snapshot.CRSnapshotTests.canSubmitForm(CRSnapshotTests.java:216)
at sun.reflect.NativeMethodAccessorImpl.invoke0(Native Method)
at sun.reflect.NativeMethodAccessorImpl.invoke(NativeMethodAccessorImpl.java:62)
at sun.reflect.DelegatingMethodAccessorImpl.invoke(DelegatingMethodAccessorImpl.java:43)
at java.lang.reflect.Method.invoke(Method.java:498)
at org.testng.internal.MethodInvocationHelper.invokeMethod(MethodInvocationHelper.java:124)
at org.testng.internal.Invoker.invokeMethod(Invoker.java:583)
at org.testng.internal.Invoker.retryFailed(Invoker.java:839)
at org.testng.internal.Invoker.invokeTestMethods(Invoker.java:1010)
at org.testng.internal.TestMethodWorker.invokeTestMethods(TestMethodWorker.java:125)
at org.testng.internal.TestMethodWorker.run(TestMethodWorker.java:109)
at org.testng.TestRunner.privateRun(TestRunner.java:648)
at org.testng.TestRunner.run(TestRunner.java:505)
at org.testng.SuiteRunner.runTest(SuiteRunner.java:455)
at org.testng.SuiteRunner.runSequentially(SuiteRunner.java:450)
at org.testng.SuiteRunner.privateRun(SuiteRunner.java:415)
at org.testng.SuiteRunner.run(SuiteRunner.java:364)
at org.testng.SuiteRunnerWorker.runSuite(SuiteRunnerWorker.java:52)
at org.testng.SuiteRunnerWorker.run(SuiteRunnerWorker.java:84)
at org.testng.TestNG.runSuitesSequentially(TestNG.java:1208)
at org.testng.TestNG.runSuitesLocally(TestNG.java:1137)
at org.testng.TestNG.runSuites(TestNG.java:1049)
at org.testng.TestNG.run(TestNG.java:1017)
at org.apache.maven.surefire.testng.TestNGExecutor.run(TestNGExecutor.java:284)
at org.apache.maven.surefire.testng.TestNGXmlTestSuite.execute(TestNGXmlTestSuite.java:75)
at org.apache.maven.surefire.testng.TestNGProvider.invoke(TestNGProvider.java:119)
at org.apache.maven.surefire.booter.ForkedBooter.runSuitesInProcess(ForkedBooter.java:428)
at org.apache.maven.surefire.booter.ForkedBooter.execute(ForkedBooter.java:162)
at org.apache.maven.surefire.booter.ForkedBooter.run(ForkedBooter.java:562)
at org.apache.maven.surefire.booter.ForkedBooter.main(ForkedBooter.java:548)
]]>
            </full-stacktrace>
          </exception> <!-- java.lang.AssertionError -->
          <reporter-output>
          </reporter-output>
        </test-method> <!-- canSubmitForm -->
        <test-method status="SKIP" signature="canSubmitForm()[pri:0, instance:lex.tests.snapshot.CRSnapshotTests@536aaa8d]" name="canSubmitForm" duration-ms="7698" started-at="2020-09-02T22:25:45Z" finished-at="2020-09-02T22:25:53Z">
          <exception class="java.lang.AssertionError">
            <message>
              <![CDATA[expected [true] but found [false]]]>
            </message>
            <full-stacktrace>
              <![CDATA[java.lang.AssertionError: expected [true] but found [false]
at org.testng.Assert.fail(Assert.java:96)
at org.testng.Assert.failNotEquals(Assert.java:776)
at org.testng.Assert.assertTrue(Assert.java:44)
at org.testng.Assert.assertTrue(Assert.java:54)
at lex.tests.snapshot.CRSnapshotTests.canSubmitForm(CRSnapshotTests.java:216)
at sun.reflect.NativeMethodAccessorImpl.invoke0(Native Method)
at sun.reflect.NativeMethodAccessorImpl.invoke(NativeMethodAccessorImpl.java:62)
at sun.reflect.DelegatingMethodAccessorImpl.invoke(DelegatingMethodAccessorImpl.java:43)
at java.lang.reflect.Method.invoke(Method.java:498)
at org.testng.internal.MethodInvocationHelper.invokeMethod(MethodInvocationHelper.java:124)
at org.testng.internal.Invoker.invokeMethod(Invoker.java:583)
at org.testng.internal.Invoker.retryFailed(Invoker.java:839)
at org.testng.internal.Invoker.invokeTestMethods(Invoker.java:1010)
at org.testng.internal.TestMethodWorker.invokeTestMethods(TestMethodWorker.java:125)
at org.testng.internal.TestMethodWorker.run(TestMethodWorker.java:109)
at org.testng.TestRunner.privateRun(TestRunner.java:648)
at org.testng.TestRunner.run(TestRunner.java:505)
at org.testng.SuiteRunner.runTest(SuiteRunner.java:455)
at org.testng.SuiteRunner.runSequentially(SuiteRunner.java:450)
at org.testng.SuiteRunner.privateRun(SuiteRunner.java:415)
at org.testng.SuiteRunner.run(SuiteRunner.java:364)
at org.testng.SuiteRunnerWorker.runSuite(SuiteRunnerWorker.java:52)
at org.testng.SuiteRunnerWorker.run(SuiteRunnerWorker.java:84)
at org.testng.TestNG.runSuitesSequentially(TestNG.java:1208)
at org.testng.TestNG.runSuitesLocally(TestNG.java:1137)
at org.testng.TestNG.runSuites(TestNG.java:1049)
at org.testng.TestNG.run(TestNG.java:1017)
at org.apache.maven.surefire.testng.TestNGExecutor.run(TestNGExecutor.java:284)
at org.apache.maven.surefire.testng.TestNGXmlTestSuite.execute(TestNGXmlTestSuite.java:75)
at org.apache.maven.surefire.testng.TestNGProvider.invoke(TestNGProvider.java:119)
at org.apache.maven.surefire.booter.ForkedBooter.runSuitesInProcess(ForkedBooter.java:428)
at org.apache.maven.surefire.booter.ForkedBooter.execute(ForkedBooter.java:162)
at org.apache.maven.surefire.booter.ForkedBooter.run(ForkedBooter.java:562)
at org.apache.maven.surefire.booter.ForkedBooter.main(ForkedBooter.java:548)
]]>
            </full-stacktrace>
          </exception> <!-- java.lang.AssertionError -->
          <reporter-output>
          </reporter-output>
        </test-method> <!-- canSubmitForm -->
        <test-method status="FAIL" signature="canSubmitForm()[pri:0, instance:lex.tests.snapshot.CRSnapshotTests@536aaa8d]" name="canSubmitForm" duration-ms="7715" started-at="2020-09-02T22:25:53Z" finished-at="2020-09-02T22:26:00Z">
          <exception class="java.lang.AssertionError">
            <message>
              <![CDATA[expected [true] but found [false]]]>
            </message>
            <full-stacktrace>
              <![CDATA[java.lang.AssertionError: expected [true] but found [false]
at org.testng.Assert.fail(Assert.java:96)
at org.testng.Assert.failNotEquals(Assert.java:776)
at org.testng.Assert.assertTrue(Assert.java:44)
at org.testng.Assert.assertTrue(Assert.java:54)
at lex.tests.snapshot.CRSnapshotTests.canSubmitForm(CRSnapshotTests.java:216)
at sun.reflect.NativeMethodAccessorImpl.invoke0(Native Method)
at sun.reflect.NativeMethodAccessorImpl.invoke(NativeMethodAccessorImpl.java:62)
at sun.reflect.DelegatingMethodAccessorImpl.invoke(DelegatingMethodAccessorImpl.java:43)
at java.lang.reflect.Method.invoke(Method.java:498)
at org.testng.internal.MethodInvocationHelper.invokeMethod(MethodInvocationHelper.java:124)
at org.testng.internal.Invoker.invokeMethod(Invoker.java:583)
at org.testng.internal.Invoker.retryFailed(Invoker.java:839)
at org.testng.internal.Invoker.invokeTestMethods(Invoker.java:1010)
at org.testng.internal.TestMethodWorker.invokeTestMethods(TestMethodWorker.java:125)
at org.testng.internal.TestMethodWorker.run(TestMethodWorker.java:109)
at org.testng.TestRunner.privateRun(TestRunner.java:648)
at org.testng.TestRunner.run(TestRunner.java:505)
at org.testng.SuiteRunner.runTest(SuiteRunner.java:455)
at org.testng.SuiteRunner.runSequentially(SuiteRunner.java:450)
at org.testng.SuiteRunner.privateRun(SuiteRunner.java:415)
at org.testng.SuiteRunner.run(SuiteRunner.java:364)
at org.testng.SuiteRunnerWorker.runSuite(SuiteRunnerWorker.java:52)
at org.testng.SuiteRunnerWorker.run(SuiteRunnerWorker.java:84)
at org.testng.TestNG.runSuitesSequentially(TestNG.java:1208)
at org.testng.TestNG.runSuitesLocally(TestNG.java:1137)
at org.testng.TestNG.runSuites(TestNG.java:1049)
at org.testng.TestNG.run(TestNG.java:1017)
at org.apache.maven.surefire.testng.TestNGExecutor.run(TestNGExecutor.java:284)
at org.apache.maven.surefire.testng.TestNGXmlTestSuite.execute(TestNGXmlTestSuite.java:75)
at org.apache.maven.surefire.testng.TestNGProvider.invoke(TestNGProvider.java:119)
at org.apache.maven.surefire.booter.ForkedBooter.runSuitesInProcess(ForkedBooter.java:428)
at org.apache.maven.surefire.booter.ForkedBooter.execute(ForkedBooter.java:162)
at org.apache.maven.surefire.booter.ForkedBooter.run(ForkedBooter.java:562)
at org.apache.maven.surefire.booter.ForkedBooter.main(ForkedBooter.java:548)
]]>
            </full-stacktrace>
          </exception> <!-- java.lang.AssertionError -->
          <reporter-output>
          </reporter-output>
        </test-method> <!-- canSubmitForm -->
        <test-method status="PASS" signature="afterSuite()[pri:0, instance:lex.tests.snapshot.CRSnapshotTests@536aaa8d]" name="afterSuite" is-config="true" duration-ms="306" started-at="2020-09-02T22:26:00Z" finished-at="2020-09-02T22:26:01Z">
          <reporter-output>
          </reporter-output>
        </test-method> <!-- afterSuite -->
      </class> <!-- lex.tests.snapshot.CRSnapshotTests -->
      <class name="lex.tests.homepage.CRHomepageTests">
        <test-method status="PASS" signature="beforeSuite()[pri:0, instance:lex.tests.homepage.CRHomepageTests@646d64ab]" name="beforeSuite" is-config="true" duration-ms="303" started-at="2020-09-02T22:19:12Z" finished-at="2020-09-02T22:19:12Z">
          <reporter-output>
          </reporter-output>
        </test-method> <!-- beforeSuite -->
        <test-method status="PASS" signature="canClickGetStartedHero()[pri:0, instance:lex.tests.homepage.CRHomepageTests@646d64ab]" name="canClickGetStartedHero" duration-ms="12161" started-at="2020-09-02T22:19:12Z" finished-at="2020-09-02T22:19:24Z">
          <reporter-output>
          </reporter-output>
        </test-method> <!-- canClickGetStartedHero -->
        <test-method status="PASS" signature="canClickGetStartedInCostSection()[pri:0, instance:lex.tests.homepage.CRHomepageTests@646d64ab]" name="canClickGetStartedInCostSection" duration-ms="8678" started-at="2020-09-02T22:19:24Z" finished-at="2020-09-02T22:19:33Z">
          <reporter-output>
          </reporter-output>
        </test-method> <!-- canClickGetStartedInCostSection -->
        <test-method status="PASS" signature="canClickGetStartedInHardWorkSection()[pri:0, instance:lex.tests.homepage.CRHomepageTests@646d64ab]" name="canClickGetStartedInHardWorkSection" duration-ms="9164" started-at="2020-09-02T22:19:33Z" finished-at="2020-09-02T22:19:42Z">
          <reporter-output>
          </reporter-output>
        </test-method> <!-- canClickGetStartedInHardWorkSection -->
        <test-method status="PASS" signature="canClickGetStartedInHowCreditRepairWorksSection()[pri:0, instance:lex.tests.homepage.CRHomepageTests@646d64ab]" name="canClickGetStartedInHowCreditRepairWorksSection" duration-ms="7903" started-at="2020-09-02T22:19:42Z" finished-at="2020-09-02T22:19:50Z">
          <reporter-output>
          </reporter-output>
        </test-method> <!-- canClickGetStartedInHowCreditRepairWorksSection -->
        <test-method status="PASS" signature="canClickGetStartedInModal()[pri:0, instance:lex.tests.homepage.CRHomepageTests@646d64ab]" name="canClickGetStartedInModal" duration-ms="8729" started-at="2020-09-02T22:19:50Z" finished-at="2020-09-02T22:19:59Z">
          <reporter-output>
          </reporter-output>
        </test-method> <!-- canClickGetStartedInModal -->
        <test-method status="PASS" signature="canClickLoginButton()[pri:0, instance:lex.tests.homepage.CRHomepageTests@646d64ab]" name="canClickLoginButton" duration-ms="9220" started-at="2020-09-02T22:19:59Z" finished-at="2020-09-02T22:20:08Z">
          <reporter-output>
          </reporter-output>
        </test-method> <!-- canClickLoginButton -->
        <test-method status="PASS" signature="canClickSignupHero()[pri:0, instance:lex.tests.homepage.CRHomepageTests@646d64ab]" name="canClickSignupHero" duration-ms="5943" started-at="2020-09-02T22:20:08Z" finished-at="2020-09-02T22:20:14Z">
          <reporter-output>
          </reporter-output>
        </test-method> <!-- canClickSignupHero -->
        <test-method status="PASS" signature="canClickSignupInCostSection()[pri:0, instance:lex.tests.homepage.CRHomepageTests@646d64ab]" name="canClickSignupInCostSection" duration-ms="10875" started-at="2020-09-02T22:20:14Z" finished-at="2020-09-02T22:20:25Z">
          <reporter-output>
          </reporter-output>
        </test-method> <!-- canClickSignupInCostSection -->
        <test-method status="PASS" signature="canClickSignupInHardWorkSection()[pri:0, instance:lex.tests.homepage.CRHomepageTests@646d64ab]" name="canClickSignupInHardWorkSection" duration-ms="6122" started-at="2020-09-02T22:20:25Z" finished-at="2020-09-02T22:20:31Z">
          <reporter-output>
          </reporter-output>
        </test-method> <!-- canClickSignupInHardWorkSection -->
        <test-method status="PASS" signature="canClickSignupInHowCreditRepairWorksSection()[pri:0, instance:lex.tests.homepage.CRHomepageTests@646d64ab]" name="canClickSignupInHowCreditRepairWorksSection" duration-ms="7509" started-at="2020-09-02T22:20:31Z" finished-at="2020-09-02T22:20:38Z">
          <reporter-output>
          </reporter-output>
        </test-method> <!-- canClickSignupInHowCreditRepairWorksSection -->
        <test-method status="PASS" signature="canClickSignupInModal()[pri:0, instance:lex.tests.homepage.CRHomepageTests@646d64ab]" name="canClickSignupInModal" duration-ms="5775" started-at="2020-09-02T22:20:38Z" finished-at="2020-09-02T22:20:44Z">
          <reporter-output>
          </reporter-output>
        </test-method> <!-- canClickSignupInModal -->
        <test-method status="PASS" signature="canClickSignupInTopNav()[pri:0, instance:lex.tests.homepage.CRHomepageTests@646d64ab]" name="canClickSignupInTopNav" duration-ms="5762" started-at="2020-09-02T22:20:44Z" finished-at="2020-09-02T22:20:50Z">
          <reporter-output>
          </reporter-output>
        </test-method> <!-- canClickSignupInTopNav -->
        <test-method status="SKIP" signature="canSubmitForm()[pri:0, instance:lex.tests.homepage.CRHomepageTests@646d64ab]" name="canSubmitForm" duration-ms="14938" started-at="2020-09-02T22:20:50Z" finished-at="2020-09-02T22:21:05Z">
          <exception class="org.openqa.selenium.NoSuchElementException">
            <message>
              <![CDATA[Timed out after 5 seconds. Unable to locate the element]]>
            </message>
            <full-stacktrace>
              <![CDATA[org.openqa.selenium.NoSuchElementException: Timed out after 5 seconds. Unable to locate the element
at org.openqa.selenium.support.pagefactory.AjaxElementLocator.findElement(AjaxElementLocator.java:123)
at org.openqa.selenium.support.pagefactory.internal.LocatingElementHandler.invoke(LocatingElementHandler.java:38)
at com.sun.proxy.$Proxy7.getAttribute(Unknown Source)
at lex.pageobjects.homepage.CRHomepage.sliderAppOpened(CRHomepage.java:193)
at lex.tests.homepage.CRHomepageTests.canSubmitForm(CRHomepageTests.java:121)
at sun.reflect.NativeMethodAccessorImpl.invoke0(Native Method)
at sun.reflect.NativeMethodAccessorImpl.invoke(NativeMethodAccessorImpl.java:62)
at sun.reflect.DelegatingMethodAccessorImpl.invoke(DelegatingMethodAccessorImpl.java:43)
at java.lang.reflect.Method.invoke(Method.java:498)
at org.testng.internal.MethodInvocationHelper.invokeMethod(MethodInvocationHelper.java:124)
at org.testng.internal.Invoker.invokeMethod(Invoker.java:583)
at org.testng.internal.Invoker.invokeTestMethod(Invoker.java:719)
at org.testng.internal.Invoker.invokeTestMethods(Invoker.java:989)
at org.testng.internal.TestMethodWorker.invokeTestMethods(TestMethodWorker.java:125)
at org.testng.internal.TestMethodWorker.run(TestMethodWorker.java:109)
at org.testng.TestRunner.privateRun(TestRunner.java:648)
at org.testng.TestRunner.run(TestRunner.java:505)
at org.testng.SuiteRunner.runTest(SuiteRunner.java:455)
at org.testng.SuiteRunner.runSequentially(SuiteRunner.java:450)
at org.testng.SuiteRunner.privateRun(SuiteRunner.java:415)
at org.testng.SuiteRunner.run(SuiteRunner.java:364)
at org.testng.SuiteRunnerWorker.runSuite(SuiteRunnerWorker.java:52)
at org.testng.SuiteRunnerWorker.run(SuiteRunnerWorker.java:84)
at org.testng.TestNG.runSuitesSequentially(TestNG.java:1208)
at org.testng.TestNG.runSuitesLocally(TestNG.java:1137)
at org.testng.TestNG.runSuites(TestNG.java:1049)
at org.testng.TestNG.run(TestNG.java:1017)
at org.apache.maven.surefire.testng.TestNGExecutor.run(TestNGExecutor.java:284)
at org.apache.maven.surefire.testng.TestNGXmlTestSuite.execute(TestNGXmlTestSuite.java:75)
at org.apache.maven.surefire.testng.TestNGProvider.invoke(TestNGProvider.java:119)
at org.apache.maven.surefire.booter.ForkedBooter.runSuitesInProcess(ForkedBooter.java:428)
at org.apache.maven.surefire.booter.ForkedBooter.execute(ForkedBooter.java:162)
at org.apache.maven.surefire.booter.ForkedBooter.run(ForkedBooter.java:562)
at org.apache.maven.surefire.booter.ForkedBooter.main(ForkedBooter.java:548)
Caused by: org.openqa.selenium.NoSuchElementException: no such element: Unable to locate element: {"method":"css selector","selector":"div.slider-app-wrapper"}
  (Session info: headless chrome=85.0.4183.83)
For documentation on this error, please visit: http://seleniumhq.org/exceptions/no_such_element.html
Build info: version: '3.14.0', revision: 'aacccce0', time: '2018-08-02T20:19:58.91Z'
System info: host: 'pgx180189mac.local', ip: '2601:681:527f:1b40:cc76:2bc6:aeaf:55bf%en0', os.name: 'Mac OS X', os.arch: 'x86_64', os.version: '10.15.6', java.version: '1.8.0_261'
Driver info: org.openqa.selenium.chrome.ChromeDriver
Capabilities {acceptInsecureCerts: false, browserName: chrome, browserVersion: 85.0.4183.83, chrome: {chromedriverVersion: 85.0.4183.87 (cd6713ebf92fa..., userDataDir: /var/folders/2r/2bvglkkd41b...}, goog:chromeOptions: {debuggerAddress: localhost:49655}, javascriptEnabled: true, networkConnectionEnabled: false, pageLoadStrategy: normal, platform: MAC, platformName: MAC, proxy: Proxy(), setWindowRect: true, strictFileInteractability: false, timeouts: {implicit: 0, pageLoad: 300000, script: 30000}, unhandledPromptBehavior: dismiss and notify, webauthn:virtualAuthenticators: true}
Session ID: 50b64e3dd21f479423fe29d6171ed7d7
*** Element info: {Using=css selector, value=div.slider-app-wrapper}
at sun.reflect.GeneratedConstructorAccessor15.newInstance(Unknown Source)
at sun.reflect.DelegatingConstructorAccessorImpl.newInstance(DelegatingConstructorAccessorImpl.java:45)
at java.lang.reflect.Constructor.newInstance(Constructor.java:423)
at org.openqa.selenium.remote.http.W3CHttpResponseCodec.createException(W3CHttpResponseCodec.java:187)
at org.openqa.selenium.remote.http.W3CHttpResponseCodec.decode(W3CHttpResponseCodec.java:122)
at org.openqa.selenium.remote.http.W3CHttpResponseCodec.decode(W3CHttpResponseCodec.java:49)
at org.openqa.selenium.remote.HttpCommandExecutor.execute(HttpCommandExecutor.java:158)
at org.openqa.selenium.remote.service.DriverCommandExecutor.execute(DriverCommandExecutor.java:83)
at org.openqa.selenium.remote.RemoteWebDriver.execute(RemoteWebDriver.java:548)
at org.openqa.selenium.remote.RemoteWebDriver.findElement(RemoteWebDriver.java:322)
at org.openqa.selenium.remote.RemoteWebDriver.findElementByCssSelector(RemoteWebDriver.java:416)
at org.openqa.selenium.By$ByCssSelector.findElement(By.java:431)
at org.openqa.selenium.remote.RemoteWebDriver.findElement(RemoteWebDriver.java:314)
at org.openqa.selenium.support.pagefactory.DefaultElementLocator.findElement(DefaultElementLocator.java:69)
at org.openqa.selenium.support.pagefactory.AjaxElementLocator.access$001(AjaxElementLocator.java:39)
at org.openqa.selenium.support.pagefactory.AjaxElementLocator$SlowLoadingElement.isLoaded(AjaxElementLocator.java:194)
at org.openqa.selenium.support.ui.SlowLoadableComponent.get(SlowLoadableComponent.java:78)
at org.openqa.selenium.support.pagefactory.AjaxElementLocator.findElement(AjaxElementLocator.java:119)
... 33 more
]]>
            </full-stacktrace>
          </exception> <!-- org.openqa.selenium.NoSuchElementException -->
          <reporter-output>
          </reporter-output>
        </test-method> <!-- canSubmitForm -->
        <test-method status="SKIP" signature="canSubmitForm()[pri:0, instance:lex.tests.homepage.CRHomepageTests@646d64ab]" name="canSubmitForm" duration-ms="15356" started-at="2020-09-02T22:21:05Z" finished-at="2020-09-02T22:21:20Z">
          <exception class="org.openqa.selenium.NoSuchElementException">
            <message>
              <![CDATA[Timed out after 5 seconds. Unable to locate the element]]>
            </message>
            <full-stacktrace>
              <![CDATA[org.openqa.selenium.NoSuchElementException: Timed out after 5 seconds. Unable to locate the element
at org.openqa.selenium.support.pagefactory.AjaxElementLocator.findElement(AjaxElementLocator.java:123)
at org.openqa.selenium.support.pagefactory.internal.LocatingElementHandler.invoke(LocatingElementHandler.java:38)
at com.sun.proxy.$Proxy7.getAttribute(Unknown Source)
at lex.pageobjects.homepage.CRHomepage.sliderAppOpened(CRHomepage.java:193)
at lex.tests.homepage.CRHomepageTests.canSubmitForm(CRHomepageTests.java:121)
at sun.reflect.NativeMethodAccessorImpl.invoke0(Native Method)
at sun.reflect.NativeMethodAccessorImpl.invoke(NativeMethodAccessorImpl.java:62)
at sun.reflect.DelegatingMethodAccessorImpl.invoke(DelegatingMethodAccessorImpl.java:43)
at java.lang.reflect.Method.invoke(Method.java:498)
at org.testng.internal.MethodInvocationHelper.invokeMethod(MethodInvocationHelper.java:124)
at org.testng.internal.Invoker.invokeMethod(Invoker.java:583)
at org.testng.internal.Invoker.retryFailed(Invoker.java:839)
at org.testng.internal.Invoker.invokeTestMethods(Invoker.java:1010)
at org.testng.internal.TestMethodWorker.invokeTestMethods(TestMethodWorker.java:125)
at org.testng.internal.TestMethodWorker.run(TestMethodWorker.java:109)
at org.testng.TestRunner.privateRun(TestRunner.java:648)
at org.testng.TestRunner.run(TestRunner.java:505)
at org.testng.SuiteRunner.runTest(SuiteRunner.java:455)
at org.testng.SuiteRunner.runSequentially(SuiteRunner.java:450)
at org.testng.SuiteRunner.privateRun(SuiteRunner.java:415)
at org.testng.SuiteRunner.run(SuiteRunner.java:364)
at org.testng.SuiteRunnerWorker.runSuite(SuiteRunnerWorker.java:52)
at org.testng.SuiteRunnerWorker.run(SuiteRunnerWorker.java:84)
at org.testng.TestNG.runSuitesSequentially(TestNG.java:1208)
at org.testng.TestNG.runSuitesLocally(TestNG.java:1137)
at org.testng.TestNG.runSuites(TestNG.java:1049)
at org.testng.TestNG.run(TestNG.java:1017)
at org.apache.maven.surefire.testng.TestNGExecutor.run(TestNGExecutor.java:284)
at org.apache.maven.surefire.testng.TestNGXmlTestSuite.execute(TestNGXmlTestSuite.java:75)
at org.apache.maven.surefire.testng.TestNGProvider.invoke(TestNGProvider.java:119)
at org.apache.maven.surefire.booter.ForkedBooter.runSuitesInProcess(ForkedBooter.java:428)
at org.apache.maven.surefire.booter.ForkedBooter.execute(ForkedBooter.java:162)
at org.apache.maven.surefire.booter.ForkedBooter.run(ForkedBooter.java:562)
at org.apache.maven.surefire.booter.ForkedBooter.main(ForkedBooter.java:548)
Caused by: org.openqa.selenium.NoSuchElementException: no such element: Unable to locate element: {"method":"css selector","selector":"div.slider-app-wrapper"}
  (Session info: headless chrome=85.0.4183.83)
For documentation on this error, please visit: http://seleniumhq.org/exceptions/no_such_element.html
Build info: version: '3.14.0', revision: 'aacccce0', time: '2018-08-02T20:19:58.91Z'
System info: host: 'pgx180189mac.local', ip: '2601:681:527f:1b40:cc76:2bc6:aeaf:55bf%en0', os.name: 'Mac OS X', os.arch: 'x86_64', os.version: '10.15.6', java.version: '1.8.0_261'
Driver info: org.openqa.selenium.chrome.ChromeDriver
Capabilities {acceptInsecureCerts: false, browserName: chrome, browserVersion: 85.0.4183.83, chrome: {chromedriverVersion: 85.0.4183.87 (cd6713ebf92fa..., userDataDir: /var/folders/2r/2bvglkkd41b...}, goog:chromeOptions: {debuggerAddress: localhost:49655}, javascriptEnabled: true, networkConnectionEnabled: false, pageLoadStrategy: normal, platform: MAC, platformName: MAC, proxy: Proxy(), setWindowRect: true, strictFileInteractability: false, timeouts: {implicit: 0, pageLoad: 300000, script: 30000}, unhandledPromptBehavior: dismiss and notify, webauthn:virtualAuthenticators: true}
Session ID: 50b64e3dd21f479423fe29d6171ed7d7
*** Element info: {Using=css selector, value=div.slider-app-wrapper}
at sun.reflect.GeneratedConstructorAccessor15.newInstance(Unknown Source)
at sun.reflect.DelegatingConstructorAccessorImpl.newInstance(DelegatingConstructorAccessorImpl.java:45)
at java.lang.reflect.Constructor.newInstance(Constructor.java:423)
at org.openqa.selenium.remote.http.W3CHttpResponseCodec.createException(W3CHttpResponseCodec.java:187)
at org.openqa.selenium.remote.http.W3CHttpResponseCodec.decode(W3CHttpResponseCodec.java:122)
at org.openqa.selenium.remote.http.W3CHttpResponseCodec.decode(W3CHttpResponseCodec.java:49)
at org.openqa.selenium.remote.HttpCommandExecutor.execute(HttpCommandExecutor.java:158)
at org.openqa.selenium.remote.service.DriverCommandExecutor.execute(DriverCommandExecutor.java:83)
at org.openqa.selenium.remote.RemoteWebDriver.execute(RemoteWebDriver.java:548)
at org.openqa.selenium.remote.RemoteWebDriver.findElement(RemoteWebDriver.java:322)
at org.openqa.selenium.remote.RemoteWebDriver.findElementByCssSelector(RemoteWebDriver.java:416)
at org.openqa.selenium.By$ByCssSelector.findElement(By.java:431)
at org.openqa.selenium.remote.RemoteWebDriver.findElement(RemoteWebDriver.java:314)
at org.openqa.selenium.support.pagefactory.DefaultElementLocator.findElement(DefaultElementLocator.java:69)
at org.openqa.selenium.support.pagefactory.AjaxElementLocator.access$001(AjaxElementLocator.java:39)
at org.openqa.selenium.support.pagefactory.AjaxElementLocator$SlowLoadingElement.isLoaded(AjaxElementLocator.java:194)
at org.openqa.selenium.support.ui.SlowLoadableComponent.get(SlowLoadableComponent.java:78)
at org.openqa.selenium.support.pagefactory.AjaxElementLocator.findElement(AjaxElementLocator.java:119)
... 33 more
]]>
            </full-stacktrace>
          </exception> <!-- org.openqa.selenium.NoSuchElementException -->
          <reporter-output>
          </reporter-output>
        </test-method> <!-- canSubmitForm -->
        <test-method status="SKIP" signature="canSubmitForm()[pri:0, instance:lex.tests.homepage.CRHomepageTests@646d64ab]" name="canSubmitForm" duration-ms="15214" started-at="2020-09-02T22:21:20Z" finished-at="2020-09-02T22:21:35Z">
          <exception class="org.openqa.selenium.NoSuchElementException">
            <message>
              <![CDATA[Timed out after 5 seconds. Unable to locate the element]]>
            </message>
            <full-stacktrace>
              <![CDATA[org.openqa.selenium.NoSuchElementException: Timed out after 5 seconds. Unable to locate the element
at org.openqa.selenium.support.pagefactory.AjaxElementLocator.findElement(AjaxElementLocator.java:123)
at org.openqa.selenium.support.pagefactory.internal.LocatingElementHandler.invoke(LocatingElementHandler.java:38)
at com.sun.proxy.$Proxy7.getAttribute(Unknown Source)
at lex.pageobjects.homepage.CRHomepage.sliderAppOpened(CRHomepage.java:193)
at lex.tests.homepage.CRHomepageTests.canSubmitForm(CRHomepageTests.java:121)
at sun.reflect.NativeMethodAccessorImpl.invoke0(Native Method)
at sun.reflect.NativeMethodAccessorImpl.invoke(NativeMethodAccessorImpl.java:62)
at sun.reflect.DelegatingMethodAccessorImpl.invoke(DelegatingMethodAccessorImpl.java:43)
at java.lang.reflect.Method.invoke(Method.java:498)
at org.testng.internal.MethodInvocationHelper.invokeMethod(MethodInvocationHelper.java:124)
at org.testng.internal.Invoker.invokeMethod(Invoker.java:583)
at org.testng.internal.Invoker.retryFailed(Invoker.java:839)
at org.testng.internal.Invoker.invokeTestMethods(Invoker.java:1010)
at org.testng.internal.TestMethodWorker.invokeTestMethods(TestMethodWorker.java:125)
at org.testng.internal.TestMethodWorker.run(TestMethodWorker.java:109)
at org.testng.TestRunner.privateRun(TestRunner.java:648)
at org.testng.TestRunner.run(TestRunner.java:505)
at org.testng.SuiteRunner.runTest(SuiteRunner.java:455)
at org.testng.SuiteRunner.runSequentially(SuiteRunner.java:450)
at org.testng.SuiteRunner.privateRun(SuiteRunner.java:415)
at org.testng.SuiteRunner.run(SuiteRunner.java:364)
at org.testng.SuiteRunnerWorker.runSuite(SuiteRunnerWorker.java:52)
at org.testng.SuiteRunnerWorker.run(SuiteRunnerWorker.java:84)
at org.testng.TestNG.runSuitesSequentially(TestNG.java:1208)
at org.testng.TestNG.runSuitesLocally(TestNG.java:1137)
at org.testng.TestNG.runSuites(TestNG.java:1049)
at org.testng.TestNG.run(TestNG.java:1017)
at org.apache.maven.surefire.testng.TestNGExecutor.run(TestNGExecutor.java:284)
at org.apache.maven.surefire.testng.TestNGXmlTestSuite.execute(TestNGXmlTestSuite.java:75)
at org.apache.maven.surefire.testng.TestNGProvider.invoke(TestNGProvider.java:119)
at org.apache.maven.surefire.booter.ForkedBooter.runSuitesInProcess(ForkedBooter.java:428)
at org.apache.maven.surefire.booter.ForkedBooter.execute(ForkedBooter.java:162)
at org.apache.maven.surefire.booter.ForkedBooter.run(ForkedBooter.java:562)
at org.apache.maven.surefire.booter.ForkedBooter.main(ForkedBooter.java:548)
Caused by: org.openqa.selenium.NoSuchElementException: no such element: Unable to locate element: {"method":"css selector","selector":"div.slider-app-wrapper"}
  (Session info: headless chrome=85.0.4183.83)
For documentation on this error, please visit: http://seleniumhq.org/exceptions/no_such_element.html
Build info: version: '3.14.0', revision: 'aacccce0', time: '2018-08-02T20:19:58.91Z'
System info: host: 'pgx180189mac.local', ip: '2601:681:527f:1b40:cc76:2bc6:aeaf:55bf%en0', os.name: 'Mac OS X', os.arch: 'x86_64', os.version: '10.15.6', java.version: '1.8.0_261'
Driver info: org.openqa.selenium.chrome.ChromeDriver
Capabilities {acceptInsecureCerts: false, browserName: chrome, browserVersion: 85.0.4183.83, chrome: {chromedriverVersion: 85.0.4183.87 (cd6713ebf92fa..., userDataDir: /var/folders/2r/2bvglkkd41b...}, goog:chromeOptions: {debuggerAddress: localhost:49655}, javascriptEnabled: true, networkConnectionEnabled: false, pageLoadStrategy: normal, platform: MAC, platformName: MAC, proxy: Proxy(), setWindowRect: true, strictFileInteractability: false, timeouts: {implicit: 0, pageLoad: 300000, script: 30000}, unhandledPromptBehavior: dismiss and notify, webauthn:virtualAuthenticators: true}
Session ID: 50b64e3dd21f479423fe29d6171ed7d7
*** Element info: {Using=css selector, value=div.slider-app-wrapper}
at sun.reflect.GeneratedConstructorAccessor15.newInstance(Unknown Source)
at sun.reflect.DelegatingConstructorAccessorImpl.newInstance(DelegatingConstructorAccessorImpl.java:45)
at java.lang.reflect.Constructor.newInstance(Constructor.java:423)
at org.openqa.selenium.remote.http.W3CHttpResponseCodec.createException(W3CHttpResponseCodec.java:187)
at org.openqa.selenium.remote.http.W3CHttpResponseCodec.decode(W3CHttpResponseCodec.java:122)
at org.openqa.selenium.remote.http.W3CHttpResponseCodec.decode(W3CHttpResponseCodec.java:49)
at org.openqa.selenium.remote.HttpCommandExecutor.execute(HttpCommandExecutor.java:158)
at org.openqa.selenium.remote.service.DriverCommandExecutor.execute(DriverCommandExecutor.java:83)
at org.openqa.selenium.remote.RemoteWebDriver.execute(RemoteWebDriver.java:548)
at org.openqa.selenium.remote.RemoteWebDriver.findElement(RemoteWebDriver.java:322)
at org.openqa.selenium.remote.RemoteWebDriver.findElementByCssSelector(RemoteWebDriver.java:416)
at org.openqa.selenium.By$ByCssSelector.findElement(By.java:431)
at org.openqa.selenium.remote.RemoteWebDriver.findElement(RemoteWebDriver.java:314)
at org.openqa.selenium.support.pagefactory.DefaultElementLocator.findElement(DefaultElementLocator.java:69)
at org.openqa.selenium.support.pagefactory.AjaxElementLocator.access$001(AjaxElementLocator.java:39)
at org.openqa.selenium.support.pagefactory.AjaxElementLocator$SlowLoadingElement.isLoaded(AjaxElementLocator.java:194)
at org.openqa.selenium.support.ui.SlowLoadableComponent.get(SlowLoadableComponent.java:78)
at org.openqa.selenium.support.pagefactory.AjaxElementLocator.findElement(AjaxElementLocator.java:119)
... 33 more
]]>
            </full-stacktrace>
          </exception> <!-- org.openqa.selenium.NoSuchElementException -->
          <reporter-output>
          </reporter-output>
        </test-method> <!-- canSubmitForm -->
        <test-method status="SKIP" signature="canSubmitForm()[pri:0, instance:lex.tests.homepage.CRHomepageTests@646d64ab]" name="canSubmitForm" duration-ms="14502" started-at="2020-09-02T22:21:35Z" finished-at="2020-09-02T22:21:50Z">
          <exception class="org.openqa.selenium.NoSuchElementException">
            <message>
              <![CDATA[Timed out after 5 seconds. Unable to locate the element]]>
            </message>
            <full-stacktrace>
              <![CDATA[org.openqa.selenium.NoSuchElementException: Timed out after 5 seconds. Unable to locate the element
at org.openqa.selenium.support.pagefactory.AjaxElementLocator.findElement(AjaxElementLocator.java:123)
at org.openqa.selenium.support.pagefactory.internal.LocatingElementHandler.invoke(LocatingElementHandler.java:38)
at com.sun.proxy.$Proxy7.getAttribute(Unknown Source)
at lex.pageobjects.homepage.CRHomepage.sliderAppOpened(CRHomepage.java:193)
at lex.tests.homepage.CRHomepageTests.canSubmitForm(CRHomepageTests.java:121)
at sun.reflect.NativeMethodAccessorImpl.invoke0(Native Method)
at sun.reflect.NativeMethodAccessorImpl.invoke(NativeMethodAccessorImpl.java:62)
at sun.reflect.DelegatingMethodAccessorImpl.invoke(DelegatingMethodAccessorImpl.java:43)
at java.lang.reflect.Method.invoke(Method.java:498)
at org.testng.internal.MethodInvocationHelper.invokeMethod(MethodInvocationHelper.java:124)
at org.testng.internal.Invoker.invokeMethod(Invoker.java:583)
at org.testng.internal.Invoker.retryFailed(Invoker.java:839)
at org.testng.internal.Invoker.invokeTestMethods(Invoker.java:1010)
at org.testng.internal.TestMethodWorker.invokeTestMethods(TestMethodWorker.java:125)
at org.testng.internal.TestMethodWorker.run(TestMethodWorker.java:109)
at org.testng.TestRunner.privateRun(TestRunner.java:648)
at org.testng.TestRunner.run(TestRunner.java:505)
at org.testng.SuiteRunner.runTest(SuiteRunner.java:455)
at org.testng.SuiteRunner.runSequentially(SuiteRunner.java:450)
at org.testng.SuiteRunner.privateRun(SuiteRunner.java:415)
at org.testng.SuiteRunner.run(SuiteRunner.java:364)
at org.testng.SuiteRunnerWorker.runSuite(SuiteRunnerWorker.java:52)
at org.testng.SuiteRunnerWorker.run(SuiteRunnerWorker.java:84)
at org.testng.TestNG.runSuitesSequentially(TestNG.java:1208)
at org.testng.TestNG.runSuitesLocally(TestNG.java:1137)
at org.testng.TestNG.runSuites(TestNG.java:1049)
at org.testng.TestNG.run(TestNG.java:1017)
at org.apache.maven.surefire.testng.TestNGExecutor.run(TestNGExecutor.java:284)
at org.apache.maven.surefire.testng.TestNGXmlTestSuite.execute(TestNGXmlTestSuite.java:75)
at org.apache.maven.surefire.testng.TestNGProvider.invoke(TestNGProvider.java:119)
at org.apache.maven.surefire.booter.ForkedBooter.runSuitesInProcess(ForkedBooter.java:428)
at org.apache.maven.surefire.booter.ForkedBooter.execute(ForkedBooter.java:162)
at org.apache.maven.surefire.booter.ForkedBooter.run(ForkedBooter.java:562)
at org.apache.maven.surefire.booter.ForkedBooter.main(ForkedBooter.java:548)
Caused by: org.openqa.selenium.NoSuchElementException: no such element: Unable to locate element: {"method":"css selector","selector":"div.slider-app-wrapper"}
  (Session info: headless chrome=85.0.4183.83)
For documentation on this error, please visit: http://seleniumhq.org/exceptions/no_such_element.html
Build info: version: '3.14.0', revision: 'aacccce0', time: '2018-08-02T20:19:58.91Z'
System info: host: 'pgx180189mac.local', ip: '2601:681:527f:1b40:cc76:2bc6:aeaf:55bf%en0', os.name: 'Mac OS X', os.arch: 'x86_64', os.version: '10.15.6', java.version: '1.8.0_261'
Driver info: org.openqa.selenium.chrome.ChromeDriver
Capabilities {acceptInsecureCerts: false, browserName: chrome, browserVersion: 85.0.4183.83, chrome: {chromedriverVersion: 85.0.4183.87 (cd6713ebf92fa..., userDataDir: /var/folders/2r/2bvglkkd41b...}, goog:chromeOptions: {debuggerAddress: localhost:49655}, javascriptEnabled: true, networkConnectionEnabled: false, pageLoadStrategy: normal, platform: MAC, platformName: MAC, proxy: Proxy(), setWindowRect: true, strictFileInteractability: false, timeouts: {implicit: 0, pageLoad: 300000, script: 30000}, unhandledPromptBehavior: dismiss and notify, webauthn:virtualAuthenticators: true}
Session ID: 50b64e3dd21f479423fe29d6171ed7d7
*** Element info: {Using=css selector, value=div.slider-app-wrapper}
at sun.reflect.GeneratedConstructorAccessor15.newInstance(Unknown Source)
at sun.reflect.DelegatingConstructorAccessorImpl.newInstance(DelegatingConstructorAccessorImpl.java:45)
at java.lang.reflect.Constructor.newInstance(Constructor.java:423)
at org.openqa.selenium.remote.http.W3CHttpResponseCodec.createException(W3CHttpResponseCodec.java:187)
at org.openqa.selenium.remote.http.W3CHttpResponseCodec.decode(W3CHttpResponseCodec.java:122)
at org.openqa.selenium.remote.http.W3CHttpResponseCodec.decode(W3CHttpResponseCodec.java:49)
at org.openqa.selenium.remote.HttpCommandExecutor.execute(HttpCommandExecutor.java:158)
at org.openqa.selenium.remote.service.DriverCommandExecutor.execute(DriverCommandExecutor.java:83)
at org.openqa.selenium.remote.RemoteWebDriver.execute(RemoteWebDriver.java:548)
at org.openqa.selenium.remote.RemoteWebDriver.findElement(RemoteWebDriver.java:322)
at org.openqa.selenium.remote.RemoteWebDriver.findElementByCssSelector(RemoteWebDriver.java:416)
at org.openqa.selenium.By$ByCssSelector.findElement(By.java:431)
at org.openqa.selenium.remote.RemoteWebDriver.findElement(RemoteWebDriver.java:314)
at org.openqa.selenium.support.pagefactory.DefaultElementLocator.findElement(DefaultElementLocator.java:69)
at org.openqa.selenium.support.pagefactory.AjaxElementLocator.access$001(AjaxElementLocator.java:39)
at org.openqa.selenium.support.pagefactory.AjaxElementLocator$SlowLoadingElement.isLoaded(AjaxElementLocator.java:194)
at org.openqa.selenium.support.ui.SlowLoadableComponent.get(SlowLoadableComponent.java:78)
at org.openqa.selenium.support.pagefactory.AjaxElementLocator.findElement(AjaxElementLocator.java:119)
... 33 more
]]>
            </full-stacktrace>
          </exception> <!-- org.openqa.selenium.NoSuchElementException -->
          <reporter-output>
          </reporter-output>
        </test-method> <!-- canSubmitForm -->
        <test-method status="FAIL" signature="canSubmitForm()[pri:0, instance:lex.tests.homepage.CRHomepageTests@646d64ab]" name="canSubmitForm" duration-ms="15403" started-at="2020-09-02T22:21:50Z" finished-at="2020-09-02T22:22:05Z">
          <exception class="org.openqa.selenium.NoSuchElementException">
            <message>
              <![CDATA[Timed out after 5 seconds. Unable to locate the element]]>
            </message>
            <full-stacktrace>
              <![CDATA[org.openqa.selenium.NoSuchElementException: Timed out after 5 seconds. Unable to locate the element
at org.openqa.selenium.support.pagefactory.AjaxElementLocator.findElement(AjaxElementLocator.java:123)
at org.openqa.selenium.support.pagefactory.internal.LocatingElementHandler.invoke(LocatingElementHandler.java:38)
at com.sun.proxy.$Proxy7.getAttribute(Unknown Source)
at lex.pageobjects.homepage.CRHomepage.sliderAppOpened(CRHomepage.java:193)
at lex.tests.homepage.CRHomepageTests.canSubmitForm(CRHomepageTests.java:121)
at sun.reflect.NativeMethodAccessorImpl.invoke0(Native Method)
at sun.reflect.NativeMethodAccessorImpl.invoke(NativeMethodAccessorImpl.java:62)
at sun.reflect.DelegatingMethodAccessorImpl.invoke(DelegatingMethodAccessorImpl.java:43)
at java.lang.reflect.Method.invoke(Method.java:498)
at org.testng.internal.MethodInvocationHelper.invokeMethod(MethodInvocationHelper.java:124)
at org.testng.internal.Invoker.invokeMethod(Invoker.java:583)
at org.testng.internal.Invoker.retryFailed(Invoker.java:839)
at org.testng.internal.Invoker.invokeTestMethods(Invoker.java:1010)
at org.testng.internal.TestMethodWorker.invokeTestMethods(TestMethodWorker.java:125)
at org.testng.internal.TestMethodWorker.run(TestMethodWorker.java:109)
at org.testng.TestRunner.privateRun(TestRunner.java:648)
at org.testng.TestRunner.run(TestRunner.java:505)
at org.testng.SuiteRunner.runTest(SuiteRunner.java:455)
at org.testng.SuiteRunner.runSequentially(SuiteRunner.java:450)
at org.testng.SuiteRunner.privateRun(SuiteRunner.java:415)
at org.testng.SuiteRunner.run(SuiteRunner.java:364)
at org.testng.SuiteRunnerWorker.runSuite(SuiteRunnerWorker.java:52)
at org.testng.SuiteRunnerWorker.run(SuiteRunnerWorker.java:84)
at org.testng.TestNG.runSuitesSequentially(TestNG.java:1208)
at org.testng.TestNG.runSuitesLocally(TestNG.java:1137)
at org.testng.TestNG.runSuites(TestNG.java:1049)
at org.testng.TestNG.run(TestNG.java:1017)
at org.apache.maven.surefire.testng.TestNGExecutor.run(TestNGExecutor.java:284)
at org.apache.maven.surefire.testng.TestNGXmlTestSuite.execute(TestNGXmlTestSuite.java:75)
at org.apache.maven.surefire.testng.TestNGProvider.invoke(TestNGProvider.java:119)
at org.apache.maven.surefire.booter.ForkedBooter.runSuitesInProcess(ForkedBooter.java:428)
at org.apache.maven.surefire.booter.ForkedBooter.execute(ForkedBooter.java:162)
at org.apache.maven.surefire.booter.ForkedBooter.run(ForkedBooter.java:562)
at org.apache.maven.surefire.booter.ForkedBooter.main(ForkedBooter.java:548)
Caused by: org.openqa.selenium.NoSuchElementException: no such element: Unable to locate element: {"method":"css selector","selector":"div.slider-app-wrapper"}
  (Session info: headless chrome=85.0.4183.83)
For documentation on this error, please visit: http://seleniumhq.org/exceptions/no_such_element.html
Build info: version: '3.14.0', revision: 'aacccce0', time: '2018-08-02T20:19:58.91Z'
System info: host: 'pgx180189mac.local', ip: '2601:681:527f:1b40:cc76:2bc6:aeaf:55bf%en0', os.name: 'Mac OS X', os.arch: 'x86_64', os.version: '10.15.6', java.version: '1.8.0_261'
Driver info: org.openqa.selenium.chrome.ChromeDriver
Capabilities {acceptInsecureCerts: false, browserName: chrome, browserVersion: 85.0.4183.83, chrome: {chromedriverVersion: 85.0.4183.87 (cd6713ebf92fa..., userDataDir: /var/folders/2r/2bvglkkd41b...}, goog:chromeOptions: {debuggerAddress: localhost:49655}, javascriptEnabled: true, networkConnectionEnabled: false, pageLoadStrategy: normal, platform: MAC, platformName: MAC, proxy: Proxy(), setWindowRect: true, strictFileInteractability: false, timeouts: {implicit: 0, pageLoad: 300000, script: 30000}, unhandledPromptBehavior: dismiss and notify, webauthn:virtualAuthenticators: true}
Session ID: 50b64e3dd21f479423fe29d6171ed7d7
*** Element info: {Using=css selector, value=div.slider-app-wrapper}
at sun.reflect.GeneratedConstructorAccessor15.newInstance(Unknown Source)
at sun.reflect.DelegatingConstructorAccessorImpl.newInstance(DelegatingConstructorAccessorImpl.java:45)
at java.lang.reflect.Constructor.newInstance(Constructor.java:423)
at org.openqa.selenium.remote.http.W3CHttpResponseCodec.createException(W3CHttpResponseCodec.java:187)
at org.openqa.selenium.remote.http.W3CHttpResponseCodec.decode(W3CHttpResponseCodec.java:122)
at org.openqa.selenium.remote.http.W3CHttpResponseCodec.decode(W3CHttpResponseCodec.java:49)
at org.openqa.selenium.remote.HttpCommandExecutor.execute(HttpCommandExecutor.java:158)
at org.openqa.selenium.remote.service.DriverCommandExecutor.execute(DriverCommandExecutor.java:83)
at org.openqa.selenium.remote.RemoteWebDriver.execute(RemoteWebDriver.java:548)
at org.openqa.selenium.remote.RemoteWebDriver.findElement(RemoteWebDriver.java:322)
at org.openqa.selenium.remote.RemoteWebDriver.findElementByCssSelector(RemoteWebDriver.java:416)
at org.openqa.selenium.By$ByCssSelector.findElement(By.java:431)
at org.openqa.selenium.remote.RemoteWebDriver.findElement(RemoteWebDriver.java:314)
at org.openqa.selenium.support.pagefactory.DefaultElementLocator.findElement(DefaultElementLocator.java:69)
at org.openqa.selenium.support.pagefactory.AjaxElementLocator.access$001(AjaxElementLocator.java:39)
at org.openqa.selenium.support.pagefactory.AjaxElementLocator$SlowLoadingElement.isLoaded(AjaxElementLocator.java:194)
at org.openqa.selenium.support.ui.SlowLoadableComponent.get(SlowLoadableComponent.java:78)
at org.openqa.selenium.support.pagefactory.AjaxElementLocator.findElement(AjaxElementLocator.java:119)
... 33 more
]]>
            </full-stacktrace>
          </exception> <!-- org.openqa.selenium.NoSuchElementException -->
          <reporter-output>
          </reporter-output>
        </test-method> <!-- canSubmitForm -->
        <test-method status="PASS" signature="afterSuite()[pri:0, instance:lex.tests.homepage.CRHomepageTests@646d64ab]" name="afterSuite" is-config="true" duration-ms="300" started-at="2020-09-02T22:22:05Z" finished-at="2020-09-02T22:22:06Z">
          <reporter-output>
          </reporter-output>
        </test-method> <!-- afterSuite -->
      </class> <!-- lex.tests.homepage.CRHomepageTests -->
    </test> <!-- Simple Test -->
  </suite> <!-- Example test run -->
</testng-results>
